{"/home/travis/build/npmtest/node-npmtest-react-stripe-checkout/test.js":{"path":"/home/travis/build/npmtest/node-npmtest-react-stripe-checkout/test.js","s":{"1":2,"2":2,"3":2,"4":2,"5":2,"6":2,"7":2,"8":1,"9":2,"10":2,"11":1,"12":1,"13":1,"14":1,"15":2,"16":2,"17":2,"18":2,"19":1,"20":1,"21":2,"22":2,"23":2,"24":1,"25":1,"26":1,"27":1,"28":1,"29":1,"30":1,"31":1,"32":1,"33":1,"34":1,"35":1,"36":1,"37":1,"38":1,"39":2,"40":2,"41":1,"42":2,"43":2,"44":1,"45":2,"46":2,"47":1,"48":2,"49":2,"50":1,"51":1,"52":1,"53":1,"54":1},"b":{"1":[2,1,1,1],"2":[1,1,1,1],"3":[1,1],"4":[1,1],"5":[1,1],"6":[1,1],"7":[1,1],"8":[1,1],"9":[1,1],"10":[1,1,1],"11":[1,1],"12":[1,1],"13":[1,1],"14":[1,1],"15":[1,1],"16":[1,1],"17":[1,1]},"f":{"1":2,"2":2,"3":2,"4":2,"5":2,"6":1,"7":1,"8":1,"9":2,"10":2,"11":2,"12":2,"13":1},"fnMap":{"1":{"name":"(anonymous_1)","line":12,"loc":{"start":{"line":12,"column":1},"end":{"line":12,"column":13}}},"2":{"name":"(anonymous_2)","line":19,"loc":{"start":{"line":19,"column":5},"end":{"line":19,"column":17}}},"3":{"name":"(anonymous_3)","line":23,"loc":{"start":{"line":23,"column":24},"end":{"line":23,"column":36}}},"4":{"name":"(anonymous_4)","line":61,"loc":{"start":{"line":61,"column":5},"end":{"line":61,"column":17}}},"5":{"name":"(anonymous_5)","line":82,"loc":{"start":{"line":82,"column":5},"end":{"line":82,"column":17}}},"6":{"name":"(anonymous_6)","line":91,"loc":{"start":{"line":91,"column":77},"end":{"line":94,"column":10}}},"7":{"name":"(anonymous_7)","line":112,"loc":{"start":{"line":112,"column":83},"end":{"line":115,"column":10}},"skip":true},"8":{"name":"(anonymous_8)","line":123,"loc":{"start":{"line":123,"column":77},"end":{"line":126,"column":10}},"skip":true},"9":{"name":"(anonymous_9)","line":139,"loc":{"start":{"line":139,"column":12},"end":{"line":139,"column":40}},"skip":true},"10":{"name":"(anonymous_10)","line":147,"loc":{"start":{"line":147,"column":77},"end":{"line":150,"column":10}},"skip":true},"11":{"name":"(anonymous_11)","line":158,"loc":{"start":{"line":158,"column":83},"end":{"line":161,"column":10}},"skip":true},"12":{"name":"(anonymous_12)","line":169,"loc":{"start":{"line":169,"column":79},"end":{"line":172,"column":10}},"skip":true},"13":{"name":"(anonymous_13)","line":180,"loc":{"start":{"line":180,"column":75},"end":{"line":183,"column":10}},"skip":true}},"statementMap":{"1":{"start":{"line":12,"column":0},"end":{"line":195,"column":5}},"2":{"start":{"line":14,"column":4},"end":{"line":14,"column":14}},"3":{"start":{"line":19,"column":4},"end":{"line":56,"column":9}},"4":{"start":{"line":21,"column":8},"end":{"line":21,"column":19}},"5":{"start":{"line":23,"column":8},"end":{"line":35,"column":13}},"6":{"start":{"line":24,"column":12},"end":{"line":34,"column":13}},"7":{"start":{"line":25,"column":16},"end":{"line":28,"column":30}},"8":{"start":{"line":30,"column":16},"end":{"line":33,"column":27}},"9":{"start":{"line":37,"column":8},"end":{"line":39,"column":21}},"10":{"start":{"line":40,"column":8},"end":{"line":53,"column":9}},"11":{"start":{"line":43,"column":12},"end":{"line":46,"column":14}},"12":{"start":{"line":47,"column":12},"end":{"line":47,"column":18}},"13":{"start":{"line":50,"column":12},"end":{"line":51,"column":46}},"14":{"start":{"line":52,"column":12},"end":{"line":52,"column":18}},"15":{"start":{"line":55,"column":8},"end":{"line":55,"column":35}},"16":{"start":{"line":61,"column":4},"end":{"line":63,"column":9}},"17":{"start":{"line":62,"column":8},"end":{"line":62,"column":15}},"18":{"start":{"line":64,"column":4},"end":{"line":77,"column":5}},"19":{"start":{"line":70,"column":8},"end":{"line":70,"column":14}},"20":{"start":{"line":76,"column":8},"end":{"line":76,"column":14}},"21":{"start":{"line":82,"column":4},"end":{"line":84,"column":9}},"22":{"start":{"line":83,"column":8},"end":{"line":83,"column":15}},"23":{"start":{"line":85,"column":4},"end":{"line":194,"column":5}},"24":{"start":{"line":91,"column":8},"end":{"line":99,"column":10}},"25":{"start":{"line":98,"column":12},"end":{"line":98,"column":35}},"26":{"start":{"line":102,"column":8},"end":{"line":104,"column":63}},"27":{"start":{"line":105,"column":8},"end":{"line":105,"column":14}},"28":{"start":{"line":112,"column":8},"end":{"line":121,"column":10},"skip":true},"29":{"start":{"line":119,"column":12},"end":{"line":119,"column":55},"skip":true},"30":{"start":{"line":120,"column":12},"end":{"line":120,"column":48},"skip":true},"31":{"start":{"line":123,"column":8},"end":{"line":136,"column":10},"skip":true},"32":{"start":{"line":130,"column":12},"end":{"line":130,"column":76},"skip":true},"33":{"start":{"line":131,"column":12},"end":{"line":131,"column":73},"skip":true},"34":{"start":{"line":132,"column":12},"end":{"line":132,"column":74},"skip":true},"35":{"start":{"line":133,"column":12},"end":{"line":133,"column":79},"skip":true},"36":{"start":{"line":134,"column":12},"end":{"line":134,"column":25},"skip":true},"37":{"start":{"line":135,"column":12},"end":{"line":135,"column":45},"skip":true},"38":{"start":{"line":138,"column":8},"end":{"line":145,"column":14},"skip":true},"39":{"start":{"line":143,"column":16},"end":{"line":143,"column":29},"skip":true},"40":{"start":{"line":144,"column":16},"end":{"line":144,"column":55},"skip":true},"41":{"start":{"line":147,"column":8},"end":{"line":156,"column":10},"skip":true},"42":{"start":{"line":154,"column":12},"end":{"line":154,"column":25},"skip":true},"43":{"start":{"line":155,"column":12},"end":{"line":155,"column":45},"skip":true},"44":{"start":{"line":158,"column":8},"end":{"line":167,"column":10},"skip":true},"45":{"start":{"line":165,"column":12},"end":{"line":165,"column":25},"skip":true},"46":{"start":{"line":166,"column":12},"end":{"line":166,"column":48},"skip":true},"47":{"start":{"line":169,"column":8},"end":{"line":178,"column":10},"skip":true},"48":{"start":{"line":176,"column":12},"end":{"line":176,"column":25},"skip":true},"49":{"start":{"line":177,"column":12},"end":{"line":177,"column":46},"skip":true},"50":{"start":{"line":180,"column":8},"end":{"line":189,"column":10},"skip":true},"51":{"start":{"line":187,"column":12},"end":{"line":187,"column":94},"skip":true},"52":{"start":{"line":188,"column":12},"end":{"line":188,"column":48},"skip":true},"53":{"start":{"line":192,"column":8},"end":{"line":192,"column":35},"skip":true},"54":{"start":{"line":193,"column":8},"end":{"line":193,"column":14},"skip":true}},"branchMap":{"1":{"line":25,"type":"binary-expr","locations":[{"start":{"line":25,"column":23},"end":{"line":25,"column":62}},{"start":{"line":26,"column":20},"end":{"line":26,"column":70}},{"start":{"line":27,"column":20},"end":{"line":27,"column":71}},{"start":{"line":28,"column":20},"end":{"line":28,"column":29}}]},"2":{"line":30,"type":"binary-expr","locations":[{"start":{"line":30,"column":23},"end":{"line":30,"column":37}},{"start":{"line":31,"column":20},"end":{"line":31,"column":61}},{"start":{"line":32,"column":20},"end":{"line":32,"column":70}},{"start":{"line":33,"column":20},"end":{"line":33,"column":26}}]},"3":{"line":37,"type":"cond-expr","locations":[{"start":{"line":38,"column":14},"end":{"line":38,"column":20}},{"start":{"line":39,"column":14},"end":{"line":39,"column":20}}]},"4":{"line":40,"type":"switch","locations":[{"start":{"line":42,"column":8},"end":{"line":47,"column":18}},{"start":{"line":49,"column":8},"end":{"line":52,"column":18}}]},"5":{"line":44,"type":"binary-expr","locations":[{"start":{"line":44,"column":16},"end":{"line":44,"column":44}},{"start":{"line":44,"column":48},"end":{"line":44,"column":66}}]},"6":{"line":50,"type":"binary-expr","locations":[{"start":{"line":50,"column":21},"end":{"line":50,"column":49}},{"start":{"line":50,"column":53},"end":{"line":50,"column":72}}]},"7":{"line":64,"type":"switch","locations":[{"start":{"line":69,"column":4},"end":{"line":70,"column":14}},{"start":{"line":75,"column":4},"end":{"line":76,"column":14}}]},"8":{"line":85,"type":"switch","locations":[{"start":{"line":90,"column":4},"end":{"line":105,"column":14}},{"start":{"line":111,"column":4},"end":{"line":193,"column":14},"skip":true}]},"9":{"line":91,"type":"binary-expr","locations":[{"start":{"line":91,"column":42},"end":{"line":91,"column":73}},{"start":{"line":91,"column":77},"end":{"line":99,"column":9}}]},"10":{"line":102,"type":"binary-expr","locations":[{"start":{"line":102,"column":18},"end":{"line":102,"column":32}},{"start":{"line":103,"column":12},"end":{"line":103,"column":53}},{"start":{"line":104,"column":12},"end":{"line":104,"column":61}}]},"11":{"line":112,"type":"binary-expr","locations":[{"start":{"line":112,"column":45},"end":{"line":112,"column":79},"skip":true},{"start":{"line":112,"column":83},"end":{"line":121,"column":9},"skip":true}]},"12":{"line":123,"type":"binary-expr","locations":[{"start":{"line":123,"column":42},"end":{"line":123,"column":73},"skip":true},{"start":{"line":123,"column":77},"end":{"line":136,"column":9},"skip":true}]},"13":{"line":138,"type":"binary-expr","locations":[{"start":{"line":138,"column":48},"end":{"line":138,"column":85},"skip":true},{"start":{"line":139,"column":12},"end":{"line":145,"column":13},"skip":true}]},"14":{"line":147,"type":"binary-expr","locations":[{"start":{"line":147,"column":42},"end":{"line":147,"column":73},"skip":true},{"start":{"line":147,"column":77},"end":{"line":156,"column":9},"skip":true}]},"15":{"line":158,"type":"binary-expr","locations":[{"start":{"line":158,"column":45},"end":{"line":158,"column":79},"skip":true},{"start":{"line":158,"column":83},"end":{"line":167,"column":9},"skip":true}]},"16":{"line":169,"type":"binary-expr","locations":[{"start":{"line":169,"column":43},"end":{"line":169,"column":75},"skip":true},{"start":{"line":169,"column":79},"end":{"line":178,"column":9},"skip":true}]},"17":{"line":180,"type":"binary-expr","locations":[{"start":{"line":180,"column":41},"end":{"line":180,"column":71},"skip":true},{"start":{"line":180,"column":75},"end":{"line":189,"column":9},"skip":true}]}},"code":["/* istanbul instrument in package npmtest_react_stripe_checkout */","/*jslint","    bitwise: true,","    browser: true,","    maxerr: 8,","    maxlen: 96,","    node: true,","    nomen: true,","    regexp: true,","    stupid: true","*/","(function () {","    'use strict';","    var local;","","","","    // run shared js-env code - pre-init","    (function () {","        // init local","        local = {};","        // init modeJs","        local.modeJs = (function () {","            try {","                return typeof navigator.userAgent === 'string' &&","                    typeof document.querySelector('body') === 'object' &&","                    typeof XMLHttpRequest.prototype.open === 'function' &&","                    'browser';","            } catch (errorCaughtBrowser) {","                return module.exports &&","                    typeof process.versions.node === 'string' &&","                    typeof require('http').createServer === 'function' &&","                    'node';","            }","        }());","        // init global","        local.global = local.modeJs === 'browser'","            ? window","            : global;","        switch (local.modeJs) {","        // re-init local from window.local","        case 'browser':","            local = local.global.utility2.objectSetDefault(","                local.global.utility2_rollup || local.global.local,","                local.global.utility2","            );","            break;","        // re-init local from example.js","        case 'node':","            local = (local.global.utility2_rollup || require('utility2'))","                .requireExampleJsFromReadme();","            break;","        }","        // export local","        local.global.local = local;","    }());","","","","    // run shared js-env code - function","    (function () {","        return;","    }());","    switch (local.modeJs) {","","","","    // run browser js-env code - function","    case 'browser':","        break;","","","","    // run node js-env code - function","    case 'node':","        break;","    }","","","","    // run shared js-env code - post-init","    (function () {","        return;","    }());","    switch (local.modeJs) {","","","","    // run browser js-env code - post-init","    case 'browser':","        local.testCase_browser_nullCase = local.testCase_browser_nullCase || function (","            options,","            onError","        ) {","        /*","         * this function will test browsers's null-case handling-behavior-behavior","         */","            onError(null, options);","        };","","        // run tests","        local.nop(local.modeTest &&","            document.querySelector('#testRunButton1') &&","            document.querySelector('#testRunButton1').click());","        break;","","","","    // run node js-env code - post-init","    /* istanbul ignore next */","    case 'node':","        local.testCase_buildApidoc_default = local.testCase_buildApidoc_default || function (","            options,","            onError","        ) {","        /*","         * this function will test buildApidoc's default handling-behavior-behavior","         */","            options = { modulePathList: module.paths };","            local.buildApidoc(options, onError);","        };","","        local.testCase_buildApp_default = local.testCase_buildApp_default || function (","            options,","            onError","        ) {","        /*","         * this function will test buildApp's default handling-behavior-behavior","         */","            local.testCase_buildReadme_default(options, local.onErrorThrow);","            local.testCase_buildLib_default(options, local.onErrorThrow);","            local.testCase_buildTest_default(options, local.onErrorThrow);","            local.testCase_buildCustomOrg_default(options, local.onErrorThrow);","            options = [];","            local.buildApp(options, onError);","        };","","        local.testCase_buildCustomOrg_default = local.testCase_buildCustomOrg_default ||","            function (options, onError) {","            /*","             * this function will test buildCustomOrg's default handling-behavior","             */","                options = {};","                local.buildCustomOrg(options, onError);","            };","","        local.testCase_buildLib_default = local.testCase_buildLib_default || function (","            options,","            onError","        ) {","        /*","         * this function will test buildLib's default handling-behavior","         */","            options = {};","            local.buildLib(options, onError);","        };","","        local.testCase_buildReadme_default = local.testCase_buildReadme_default || function (","            options,","            onError","        ) {","        /*","         * this function will test buildReadme's default handling-behavior-behavior","         */","            options = {};","            local.buildReadme(options, onError);","        };","","        local.testCase_buildTest_default = local.testCase_buildTest_default || function (","            options,","            onError","        ) {","        /*","         * this function will test buildTest's default handling-behavior","         */","            options = {};","            local.buildTest(options, onError);","        };","","        local.testCase_webpage_default = local.testCase_webpage_default || function (","            options,","            onError","        ) {","        /*","         * this function will test webpage's default handling-behavior","         */","            options = { modeCoverageMerge: true, url: local.serverLocalHost + '?modeTest=1' };","            local.browserTest(options, onError);","        };","","        // run test-server","        local.testRunServer(local);","        break;","    }","}());",""],"l":{"12":2,"14":2,"19":2,"21":2,"23":2,"24":2,"25":2,"30":1,"37":2,"40":2,"43":1,"47":1,"50":1,"52":1,"55":2,"61":2,"62":2,"64":2,"70":1,"76":1,"82":2,"83":2,"85":2,"91":1,"98":1,"102":1,"105":1,"112":1,"119":1,"120":1,"123":1,"130":1,"131":1,"132":1,"133":1,"134":1,"135":1,"138":1,"143":2,"144":2,"147":1,"154":2,"155":2,"158":1,"165":2,"166":2,"169":1,"176":2,"177":2,"180":1,"187":1,"188":1,"192":1,"193":1}},"/home/travis/build/npmtest/node-npmtest-react-stripe-checkout/lib.npmtest_react_stripe_checkout.js":{"path":"/home/travis/build/npmtest/node-npmtest-react-stripe-checkout/lib.npmtest_react_stripe_checkout.js","s":{"1":2,"2":2,"3":2,"4":2,"5":2,"6":2,"7":2,"8":1,"9":2,"10":2,"11":2,"12":2,"13":1,"14":1,"15":1,"16":1},"b":{"1":[2,1,1,1],"2":[1,1,1,1],"3":[1,1],"4":[2,2],"5":[1,1]},"f":{"1":2,"2":2,"3":2},"fnMap":{"1":{"name":"(anonymous_1)","line":12,"loc":{"start":{"line":12,"column":1},"end":{"line":12,"column":13}}},"2":{"name":"(anonymous_2)","line":19,"loc":{"start":{"line":19,"column":5},"end":{"line":19,"column":17}}},"3":{"name":"(anonymous_3)","line":23,"loc":{"start":{"line":23,"column":24},"end":{"line":23,"column":36}}}},"statementMap":{"1":{"start":{"line":12,"column":0},"end":{"line":53,"column":5}},"2":{"start":{"line":14,"column":4},"end":{"line":14,"column":14}},"3":{"start":{"line":19,"column":4},"end":{"line":52,"column":9}},"4":{"start":{"line":21,"column":8},"end":{"line":21,"column":19}},"5":{"start":{"line":23,"column":8},"end":{"line":35,"column":13}},"6":{"start":{"line":24,"column":12},"end":{"line":34,"column":13}},"7":{"start":{"line":25,"column":16},"end":{"line":28,"column":30}},"8":{"start":{"line":30,"column":16},"end":{"line":33,"column":27}},"9":{"start":{"line":37,"column":8},"end":{"line":39,"column":21}},"10":{"start":{"line":41,"column":8},"end":{"line":41,"column":54}},"11":{"start":{"line":43,"column":8},"end":{"line":43,"column":66}},"12":{"start":{"line":45,"column":8},"end":{"line":51,"column":9}},"13":{"start":{"line":46,"column":12},"end":{"line":46,"column":72}},"14":{"start":{"line":48,"column":12},"end":{"line":48,"column":35}},"15":{"start":{"line":49,"column":12},"end":{"line":49,"column":49}},"16":{"start":{"line":50,"column":12},"end":{"line":50,"column":43}}},"branchMap":{"1":{"line":25,"type":"binary-expr","locations":[{"start":{"line":25,"column":23},"end":{"line":25,"column":62}},{"start":{"line":26,"column":20},"end":{"line":26,"column":70}},{"start":{"line":27,"column":20},"end":{"line":27,"column":71}},{"start":{"line":28,"column":20},"end":{"line":28,"column":29}}]},"2":{"line":30,"type":"binary-expr","locations":[{"start":{"line":30,"column":23},"end":{"line":30,"column":37}},{"start":{"line":31,"column":20},"end":{"line":31,"column":61}},{"start":{"line":32,"column":20},"end":{"line":32,"column":70}},{"start":{"line":33,"column":20},"end":{"line":33,"column":26}}]},"3":{"line":37,"type":"cond-expr","locations":[{"start":{"line":38,"column":14},"end":{"line":38,"column":20}},{"start":{"line":39,"column":14},"end":{"line":39,"column":20}}]},"4":{"line":41,"type":"binary-expr","locations":[{"start":{"line":41,"column":16},"end":{"line":41,"column":44}},{"start":{"line":41,"column":48},"end":{"line":41,"column":53}}]},"5":{"line":45,"type":"if","locations":[{"start":{"line":45,"column":8},"end":{"line":45,"column":8}},{"start":{"line":45,"column":8},"end":{"line":45,"column":8}}]}},"code":["/* istanbul instrument in package npmtest_react_stripe_checkout */","/*jslint","    bitwise: true,","    browser: true,","    maxerr: 8,","    maxlen: 96,","    node: true,","    nomen: true,","    regexp: true,","    stupid: true","*/","(function () {","    'use strict';","    var local;","","","","    // run shared js-env code - pre-init","    (function () {","        // init local","        local = {};","        // init modeJs","        local.modeJs = (function () {","            try {","                return typeof navigator.userAgent === 'string' &&","                    typeof document.querySelector('body') === 'object' &&","                    typeof XMLHttpRequest.prototype.open === 'function' &&","                    'browser';","            } catch (errorCaughtBrowser) {","                return module.exports &&","                    typeof process.versions.node === 'string' &&","                    typeof require('http').createServer === 'function' &&","                    'node';","            }","        }());","        // init global","        local.global = local.modeJs === 'browser'","            ? window","            : global;","        // init utility2_rollup","        local = local.global.utility2_rollup || local;","        // init lib","        local.local = local.npmtest_react_stripe_checkout = local;","        // init exports","        if (local.modeJs === 'browser') {","            local.global.utility2_npmtest_react_stripe_checkout = local;","        } else {","            module.exports = local;","            module.exports.__dirname = __dirname;","            module.exports.module = module;","        }","    }());","}());",""],"l":{"12":2,"14":2,"19":2,"21":2,"23":2,"24":2,"25":2,"30":1,"37":2,"41":2,"43":2,"45":2,"46":1,"48":1,"49":1,"50":1}},"/home/travis/build/npmtest/node-npmtest-react-stripe-checkout/example.js":{"path":"/home/travis/build/npmtest/node-npmtest-react-stripe-checkout/example.js","s":{"1":2,"2":2,"3":2,"4":2,"5":2,"6":2,"7":2,"8":1,"9":2,"10":2,"11":2,"12":2,"13":1,"14":2,"15":2,"16":2,"17":2,"18":2,"19":0,"20":2,"21":1,"22":1,"23":1,"24":1,"25":1,"26":0,"27":0,"28":1,"29":1,"30":2,"31":0,"32":0,"33":0,"34":1,"35":2,"36":2,"37":3,"38":3,"39":3,"40":3,"41":0,"42":3,"43":3,"44":3,"45":1,"46":3,"47":1,"48":1,"49":1,"50":1,"51":1,"52":1,"53":1,"54":1,"55":1,"56":1,"57":0,"58":1,"59":6,"60":6,"61":1,"62":2,"63":0,"64":2,"65":1,"66":1,"67":0,"68":0,"69":0,"70":0,"71":0,"72":0,"73":0,"74":0,"75":0,"76":0,"77":0,"78":0,"79":0,"80":0,"81":0,"82":0,"83":0},"b":{"1":[2,1,1,1],"2":[1,1,1,1],"3":[1,1],"4":[2,2],"5":[1,1],"6":[1,1],"7":[2,0],"8":[2,1,1,1,1,1],"9":[0,2,0],"10":[1,1],"11":[2,1,1],"12":[1,0],"13":[0,2],"14":[2,0,0,0,0,0,0],"15":[0,3],"16":[3,0],"17":[1,1],"18":[0,1],"19":[1,2,0,2],"20":[1,0],"21":[1,1],"22":[0,0],"23":[0,0],"24":[0,0],"25":[0,0],"26":[0,0],"27":[0,0],"28":[0,0]},"f":{"1":2,"2":2,"3":2,"4":2,"5":2,"6":2,"7":3,"8":3,"9":3,"10":1,"11":6,"12":0},"fnMap":{"1":{"name":"(anonymous_1)","line":26,"loc":{"start":{"line":26,"column":1},"end":{"line":26,"column":13}}},"2":{"name":"(anonymous_2)","line":33,"loc":{"start":{"line":33,"column":5},"end":{"line":33,"column":17}}},"3":{"name":"(anonymous_3)","line":37,"loc":{"start":{"line":37,"column":24},"end":{"line":37,"column":36}}},"4":{"name":"(anonymous_4)","line":69,"loc":{"start":{"line":69,"column":31},"end":{"line":69,"column":48}},"skip":true},"5":{"name":"(anonymous_5)","line":78,"loc":{"start":{"line":78,"column":26},"end":{"line":78,"column":45}},"skip":true},"6":{"name":"(anonymous_6)","line":123,"loc":{"start":{"line":123,"column":33},"end":{"line":123,"column":48}},"skip":true},"7":{"name":"(anonymous_7)","line":125,"loc":{"start":{"line":125,"column":27},"end":{"line":125,"column":39}},"skip":true},"8":{"name":"(anonymous_8)","line":133,"loc":{"start":{"line":133,"column":59},"end":{"line":133,"column":74}},"skip":true},"9":{"name":"(anonymous_9)","line":143,"loc":{"start":{"line":143,"column":45},"end":{"line":143,"column":62}},"skip":true},"10":{"name":"(anonymous_10)","line":144,"loc":{"start":{"line":144,"column":73},"end":{"line":144,"column":92}},"skip":true},"11":{"name":"(anonymous_11)","line":272,"loc":{"start":{"line":272,"column":51},"end":{"line":272,"column":77}},"skip":true},"12":{"name":"(anonymous_12)","line":315,"loc":{"start":{"line":315,"column":32},"end":{"line":315,"column":61}},"skip":true}},"statementMap":{"1":{"start":{"line":26,"column":0},"end":{"line":326,"column":5}},"2":{"start":{"line":28,"column":4},"end":{"line":28,"column":14}},"3":{"start":{"line":33,"column":4},"end":{"line":60,"column":9}},"4":{"start":{"line":35,"column":8},"end":{"line":35,"column":19}},"5":{"start":{"line":37,"column":8},"end":{"line":49,"column":13}},"6":{"start":{"line":38,"column":12},"end":{"line":48,"column":13}},"7":{"start":{"line":39,"column":16},"end":{"line":42,"column":30}},"8":{"start":{"line":44,"column":16},"end":{"line":47,"column":27}},"9":{"start":{"line":51,"column":8},"end":{"line":53,"column":21}},"10":{"start":{"line":55,"column":8},"end":{"line":57,"column":45}},"11":{"start":{"line":59,"column":8},"end":{"line":59,"column":35}},"12":{"start":{"line":61,"column":4},"end":{"line":325,"column":5}},"13":{"start":{"line":69,"column":8},"end":{"line":121,"column":10},"skip":true},"14":{"start":{"line":70,"column":12},"end":{"line":88,"column":13},"skip":true},"15":{"start":{"line":76,"column":16},"end":{"line":87,"column":19},"skip":true},"16":{"start":{"line":79,"column":20},"end":{"line":86,"column":21},"skip":true},"17":{"start":{"line":82,"column":24},"end":{"line":82,"column":43},"skip":true},"18":{"start":{"line":83,"column":24},"end":{"line":83,"column":30},"skip":true},"19":{"start":{"line":85,"column":24},"end":{"line":85,"column":49},"skip":true},"20":{"start":{"line":89,"column":12},"end":{"line":107,"column":13},"skip":true},"21":{"start":{"line":92,"column":16},"end":{"line":102,"column":17},"skip":true},"22":{"start":{"line":93,"column":20},"end":{"line":93,"column":86},"skip":true},"23":{"start":{"line":94,"column":20},"end":{"line":95,"column":45},"skip":true},"24":{"start":{"line":96,"column":20},"end":{"line":96,"column":42},"skip":true},"25":{"start":{"line":97,"column":20},"end":{"line":97,"column":48},"skip":true},"26":{"start":{"line":100,"column":20},"end":{"line":100,"column":85},"skip":true},"27":{"start":{"line":101,"column":20},"end":{"line":101,"column":96},"skip":true},"28":{"start":{"line":103,"column":16},"end":{"line":103,"column":22},"skip":true},"29":{"start":{"line":106,"column":16},"end":{"line":106,"column":22},"skip":true},"30":{"start":{"line":108,"column":12},"end":{"line":120,"column":13},"skip":true},"31":{"start":{"line":114,"column":16},"end":{"line":119,"column":17},"skip":true},"32":{"start":{"line":116,"column":20},"end":{"line":116,"column":78},"skip":true},"33":{"start":{"line":118,"column":20},"end":{"line":118,"column":47},"skip":true},"34":{"start":{"line":123,"column":8},"end":{"line":141,"column":11},"skip":true},"35":{"start":{"line":124,"column":12},"end":{"line":124,"column":54},"skip":true},"36":{"start":{"line":125,"column":12},"end":{"line":140,"column":14},"skip":true},"37":{"start":{"line":126,"column":16},"end":{"line":126,"column":28},"skip":true},"38":{"start":{"line":127,"column":16},"end":{"line":127,"column":69},"skip":true},"39":{"start":{"line":128,"column":16},"end":{"line":128,"column":75},"skip":true},"40":{"start":{"line":129,"column":16},"end":{"line":131,"column":17},"skip":true},"41":{"start":{"line":130,"column":20},"end":{"line":130,"column":27},"skip":true},"42":{"start":{"line":133,"column":16},"end":{"line":137,"column":36},"skip":true},"43":{"start":{"line":134,"column":20},"end":{"line":136,"column":55},"skip":true},"44":{"start":{"line":139,"column":16},"end":{"line":139,"column":57},"skip":true},"45":{"start":{"line":143,"column":8},"end":{"line":147,"column":11},"skip":true},"46":{"start":{"line":144,"column":12},"end":{"line":146,"column":15},"skip":true},"47":{"start":{"line":145,"column":16},"end":{"line":145,"column":70},"skip":true},"48":{"start":{"line":149,"column":8},"end":{"line":149,"column":31},"skip":true},"49":{"start":{"line":150,"column":8},"end":{"line":150,"column":14},"skip":true},"50":{"start":{"line":158,"column":8},"end":{"line":158,"column":31},"skip":true},"51":{"start":{"line":160,"column":8},"end":{"line":160,"column":33},"skip":true},"52":{"start":{"line":161,"column":8},"end":{"line":161,"column":37},"skip":true},"53":{"start":{"line":162,"column":8},"end":{"line":162,"column":35},"skip":true},"54":{"start":{"line":164,"column":8},"end":{"line":164,"column":50},"skip":true},"55":{"start":{"line":166,"column":8},"end":{"line":256,"column":2},"skip":true},"56":{"start":{"line":258,"column":8},"end":{"line":286,"column":9},"skip":true},"57":{"start":{"line":259,"column":12},"end":{"line":269,"column":14},"skip":true},"58":{"start":{"line":271,"column":12},"end":{"line":285,"column":19},"skip":true},"59":{"start":{"line":274,"column":20},"end":{"line":274,"column":35},"skip":true},"60":{"start":{"line":275,"column":20},"end":{"line":284,"column":21},"skip":true},"61":{"start":{"line":277,"column":24},"end":{"line":277,"column":64},"skip":true},"62":{"start":{"line":279,"column":24},"end":{"line":279,"column":40},"skip":true},"63":{"start":{"line":281,"column":24},"end":{"line":281,"column":40},"skip":true},"64":{"start":{"line":283,"column":24},"end":{"line":283,"column":39},"skip":true},"65":{"start":{"line":288,"column":8},"end":{"line":290,"column":9},"skip":true},"66":{"start":{"line":289,"column":12},"end":{"line":289,"column":18},"skip":true},"67":{"start":{"line":291,"column":8},"end":{"line":293,"column":54},"skip":true},"68":{"start":{"line":296,"column":8},"end":{"line":301,"column":37},"skip":true},"69":{"start":{"line":303,"column":8},"end":{"line":303,"column":82},"skip":true},"70":{"start":{"line":306,"column":8},"end":{"line":308,"column":9},"skip":true},"71":{"start":{"line":307,"column":12},"end":{"line":307,"column":82},"skip":true},"72":{"start":{"line":310,"column":8},"end":{"line":312,"column":9},"skip":true},"73":{"start":{"line":311,"column":12},"end":{"line":311,"column":18},"skip":true},"74":{"start":{"line":313,"column":8},"end":{"line":313,"column":54},"skip":true},"75":{"start":{"line":314,"column":8},"end":{"line":314,"column":69},"skip":true},"76":{"start":{"line":315,"column":8},"end":{"line":323,"column":36},"skip":true},"77":{"start":{"line":316,"column":12},"end":{"line":316,"column":61},"skip":true},"78":{"start":{"line":317,"column":12},"end":{"line":320,"column":13},"skip":true},"79":{"start":{"line":318,"column":16},"end":{"line":318,"column":75},"skip":true},"80":{"start":{"line":319,"column":16},"end":{"line":319,"column":23},"skip":true},"81":{"start":{"line":321,"column":12},"end":{"line":321,"column":38},"skip":true},"82":{"start":{"line":322,"column":12},"end":{"line":322,"column":27},"skip":true},"83":{"start":{"line":324,"column":8},"end":{"line":324,"column":14},"skip":true}},"branchMap":{"1":{"line":39,"type":"binary-expr","locations":[{"start":{"line":39,"column":23},"end":{"line":39,"column":62}},{"start":{"line":40,"column":20},"end":{"line":40,"column":70}},{"start":{"line":41,"column":20},"end":{"line":41,"column":71}},{"start":{"line":42,"column":20},"end":{"line":42,"column":29}}]},"2":{"line":44,"type":"binary-expr","locations":[{"start":{"line":44,"column":23},"end":{"line":44,"column":37}},{"start":{"line":45,"column":20},"end":{"line":45,"column":61}},{"start":{"line":46,"column":20},"end":{"line":46,"column":70}},{"start":{"line":47,"column":20},"end":{"line":47,"column":26}}]},"3":{"line":51,"type":"cond-expr","locations":[{"start":{"line":52,"column":14},"end":{"line":52,"column":20}},{"start":{"line":53,"column":14},"end":{"line":53,"column":20}}]},"4":{"line":55,"type":"binary-expr","locations":[{"start":{"line":55,"column":16},"end":{"line":55,"column":44}},{"start":{"line":55,"column":49},"end":{"line":57,"column":43}}]},"5":{"line":55,"type":"cond-expr","locations":[{"start":{"line":56,"column":14},"end":{"line":56,"column":65}},{"start":{"line":57,"column":14},"end":{"line":57,"column":43}}]},"6":{"line":61,"type":"switch","locations":[{"start":{"line":68,"column":4},"end":{"line":150,"column":14},"skip":true},{"start":{"line":156,"column":4},"end":{"line":324,"column":14},"skip":true}]},"7":{"line":70,"type":"if","locations":[{"start":{"line":70,"column":12},"end":{"line":70,"column":12},"skip":true},{"start":{"line":70,"column":12},"end":{"line":70,"column":12},"skip":true}]},"8":{"line":70,"type":"binary-expr","locations":[{"start":{"line":70,"column":16},"end":{"line":70,"column":22},"skip":true},{"start":{"line":70,"column":27},"end":{"line":70,"column":32},"skip":true},{"start":{"line":71,"column":20},"end":{"line":71,"column":39},"skip":true},{"start":{"line":72,"column":20},"end":{"line":72,"column":49},"skip":true},{"start":{"line":73,"column":20},"end":{"line":73,"column":58},"skip":true},{"start":{"line":74,"column":20},"end":{"line":74,"column":69},"skip":true}]},"9":{"line":79,"type":"switch","locations":[{"start":{"line":80,"column":20},"end":{"line":80,"column":33},"skip":true},{"start":{"line":81,"column":20},"end":{"line":83,"column":30},"skip":true},{"start":{"line":84,"column":20},"end":{"line":85,"column":49},"skip":true}]},"10":{"line":89,"type":"switch","locations":[{"start":{"line":90,"column":12},"end":{"line":103,"column":22},"skip":true},{"start":{"line":105,"column":12},"end":{"line":106,"column":22},"skip":true}]},"11":{"line":89,"type":"binary-expr","locations":[{"start":{"line":89,"column":20},"end":{"line":89,"column":25},"skip":true},{"start":{"line":89,"column":29},"end":{"line":89,"column":48},"skip":true},{"start":{"line":89,"column":52},"end":{"line":89,"column":74},"skip":true}]},"12":{"line":92,"type":"if","locations":[{"start":{"line":92,"column":16},"end":{"line":92,"column":16},"skip":true},{"start":{"line":92,"column":16},"end":{"line":92,"column":16},"skip":true}]},"13":{"line":108,"type":"if","locations":[{"start":{"line":108,"column":12},"end":{"line":108,"column":12},"skip":true},{"start":{"line":108,"column":12},"end":{"line":108,"column":12},"skip":true}]},"14":{"line":108,"type":"binary-expr","locations":[{"start":{"line":108,"column":16},"end":{"line":108,"column":61},"skip":true},{"start":{"line":108,"column":66},"end":{"line":108,"column":72},"skip":true},{"start":{"line":108,"column":77},"end":{"line":108,"column":82},"skip":true},{"start":{"line":109,"column":20},"end":{"line":109,"column":39},"skip":true},{"start":{"line":110,"column":20},"end":{"line":110,"column":49},"skip":true},{"start":{"line":111,"column":20},"end":{"line":111,"column":58},"skip":true},{"start":{"line":112,"column":20},"end":{"line":112,"column":68},"skip":true}]},"15":{"line":129,"type":"if","locations":[{"start":{"line":129,"column":16},"end":{"line":129,"column":16},"skip":true},{"start":{"line":129,"column":16},"end":{"line":129,"column":16},"skip":true}]},"16":{"line":134,"type":"cond-expr","locations":[{"start":{"line":135,"column":26},"end":{"line":135,"column":29},"skip":true},{"start":{"line":136,"column":26},"end":{"line":136,"column":54},"skip":true}]},"17":{"line":164,"type":"binary-expr","locations":[{"start":{"line":164,"column":27},"end":{"line":164,"column":43},"skip":true},{"start":{"line":164,"column":47},"end":{"line":164,"column":49},"skip":true}]},"18":{"line":258,"type":"if","locations":[{"start":{"line":258,"column":8},"end":{"line":258,"column":8},"skip":true},{"start":{"line":258,"column":8},"end":{"line":258,"column":8},"skip":true}]},"19":{"line":275,"type":"switch","locations":[{"start":{"line":276,"column":20},"end":{"line":277,"column":64},"skip":true},{"start":{"line":278,"column":20},"end":{"line":279,"column":40},"skip":true},{"start":{"line":280,"column":20},"end":{"line":281,"column":40},"skip":true},{"start":{"line":282,"column":20},"end":{"line":283,"column":39},"skip":true}]},"20":{"line":288,"type":"if","locations":[{"start":{"line":288,"column":8},"end":{"line":288,"column":8},"skip":true},{"start":{"line":288,"column":8},"end":{"line":288,"column":8},"skip":true}]},"21":{"line":288,"type":"binary-expr","locations":[{"start":{"line":288,"column":12},"end":{"line":288,"column":40},"skip":true},{"start":{"line":288,"column":44},"end":{"line":288,"column":67},"skip":true}]},"22":{"line":292,"type":"binary-expr","locations":[{"start":{"line":292,"column":12},"end":{"line":292,"column":50},"skip":true},{"start":{"line":293,"column":12},"end":{"line":293,"column":53},"skip":true}]},"23":{"line":297,"type":"binary-expr","locations":[{"start":{"line":297,"column":12},"end":{"line":297,"column":79},"skip":true},{"start":{"line":298,"column":12},"end":{"line":301,"column":36},"skip":true}]},"24":{"line":303,"type":"binary-expr","locations":[{"start":{"line":303,"column":43},"end":{"line":303,"column":75},"skip":true},{"start":{"line":303,"column":79},"end":{"line":303,"column":81},"skip":true}]},"25":{"line":306,"type":"if","locations":[{"start":{"line":306,"column":8},"end":{"line":306,"column":8},"skip":true},{"start":{"line":306,"column":8},"end":{"line":306,"column":8},"skip":true}]},"26":{"line":310,"type":"if","locations":[{"start":{"line":310,"column":8},"end":{"line":310,"column":8},"skip":true},{"start":{"line":310,"column":8},"end":{"line":310,"column":8},"skip":true}]},"27":{"line":313,"type":"binary-expr","locations":[{"start":{"line":313,"column":27},"end":{"line":313,"column":43},"skip":true},{"start":{"line":313,"column":47},"end":{"line":313,"column":53},"skip":true}]},"28":{"line":317,"type":"if","locations":[{"start":{"line":317,"column":12},"end":{"line":317,"column":12},"skip":true},{"start":{"line":317,"column":12},"end":{"line":317,"column":12},"skip":true}]}},"code":["/*","example.js","","quickstart example","","instruction","    1. save this script as example.js","    2. run the shell command:","        $ npm install npmtest-react-stripe-checkout && PORT=8081 node example.js","    3. play with the browser-demo on http://127.0.0.1:8081","*/","","","","/* istanbul instrument in package npmtest_react_stripe_checkout */","/*jslint","    bitwise: true,","    browser: true,","    maxerr: 8,","    maxlen: 96,","    node: true,","    nomen: true,","    regexp: true,","    stupid: true","*/","(function () {","    'use strict';","    var local;","","","","    // run shared js-env code - pre-init","    (function () {","        // init local","        local = {};","        // init modeJs","        local.modeJs = (function () {","            try {","                return typeof navigator.userAgent === 'string' &&","                    typeof document.querySelector('body') === 'object' &&","                    typeof XMLHttpRequest.prototype.open === 'function' &&","                    'browser';","            } catch (errorCaughtBrowser) {","                return module.exports &&","                    typeof process.versions.node === 'string' &&","                    typeof require('http').createServer === 'function' &&","                    'node';","            }","        }());","        // init global","        local.global = local.modeJs === 'browser'","            ? window","            : global;","        // init utility2_rollup","        local = local.global.utility2_rollup || (local.modeJs === 'browser'","            ? local.global.utility2_npmtest_react_stripe_checkout","            : global.utility2_moduleExports);","        // export local","        local.global.local = local;","    }());","    switch (local.modeJs) {","","","","    // post-init","    // run browser js-env code - post-init","    /* istanbul ignore next */","    case 'browser':","        local.testRunBrowser = function (event) {","            if (!event || (event &&","                    event.currentTarget &&","                    event.currentTarget.className &&","                    event.currentTarget.className.includes &&","                    event.currentTarget.className.includes('onreset'))) {","                // reset output","                Array.from(","                    document.querySelectorAll('body > .resettable')","                ).forEach(function (element) {","                    switch (element.tagName) {","                    case 'INPUT':","                    case 'TEXTAREA':","                        element.value = '';","                        break;","                    default:","                        element.textContent = '';","                    }","                });","            }","            switch (event && event.currentTarget && event.currentTarget.id) {","            case 'testRunButton1':","                // show tests","                if (document.querySelector('#testReportDiv1').style.display === 'none') {","                    document.querySelector('#testReportDiv1').style.display = 'block';","                    document.querySelector('#testRunButton1').textContent =","                        'hide internal test';","                    local.modeTest = true;","                    local.testRunDefault(local);","                // hide tests","                } else {","                    document.querySelector('#testReportDiv1').style.display = 'none';","                    document.querySelector('#testRunButton1').textContent = 'run internal test';","                }","                break;","            // custom-case","            default:","                break;","            }","            if (document.querySelector('#inputTextareaEval1') && (!event || (event &&","                    event.currentTarget &&","                    event.currentTarget.className &&","                    event.currentTarget.className.includes &&","                    event.currentTarget.className.includes('oneval')))) {","                // try to eval input-code","                try {","                    /*jslint evil: true*/","                    eval(document.querySelector('#inputTextareaEval1').value);","                } catch (errorCaught) {","                    console.error(errorCaught);","                }","            }","        };","        // log stderr and stdout to #outputTextareaStdout1","        ['error', 'log'].forEach(function (key) {","            console[key + '_original'] = console[key];","            console[key] = function () {","                var element;","                console[key + '_original'].apply(console, arguments);","                element = document.querySelector('#outputTextareaStdout1');","                if (!element) {","                    return;","                }","                // append text to #outputTextareaStdout1","                element.value += Array.from(arguments).map(function (arg) {","                    return typeof arg === 'string'","                        ? arg","                        : JSON.stringify(arg, null, 4);","                }).join(' ') + '\\n';","                // scroll textarea to bottom","                element.scrollTop = element.scrollHeight;","            };","        });","        // init event-handling","        ['change', 'click', 'keyup'].forEach(function (event) {","            Array.from(document.querySelectorAll('.on' + event)).forEach(function (element) {","                element.addEventListener(event, local.testRunBrowser);","            });","        });","        // run tests","        local.testRunBrowser();","        break;","","","","    // run node js-env code - post-init","    /* istanbul ignore next */","    case 'node':","        // export local","        module.exports = local;","        // require modules","        local.fs = require('fs');","        local.http = require('http');","        local.url = require('url');","        // init assets","        local.assetsDict = local.assetsDict || {};","        /* jslint-ignore-begin */","        local.assetsDict['/assets.index.template.html'] = '\\","<!doctype html>\\n\\","<html lang=\"en\">\\n\\","<head>\\n\\","<meta charset=\"UTF-8\">\\n\\","<meta name=\"viewport\" content=\"width=device-width, initial-scale=1\">\\n\\","<title>{{env.npm_package_name}} (v{{env.npm_package_version}})</title>\\n\\","<style>\\n\\","/*csslint\\n\\","    box-sizing: false,\\n\\","    universal-selector: false\\n\\","*/\\n\\","* {\\n\\","    box-sizing: border-box;\\n\\","}\\n\\","body {\\n\\","    background: #dde;\\n\\","    font-family: Arial, Helvetica, sans-serif;\\n\\","    margin: 2rem;\\n\\","}\\n\\","body > * {\\n\\","    margin-bottom: 1rem;\\n\\","}\\n\\",".utility2FooterDiv {\\n\\","    margin-top: 20px;\\n\\","    text-align: center;\\n\\","}\\n\\","</style>\\n\\","<style>\\n\\","/*csslint\\n\\","*/\\n\\","textarea {\\n\\","    font-family: monospace;\\n\\","    height: 10rem;\\n\\","    width: 100%;\\n\\","}\\n\\","textarea[readonly] {\\n\\","    background: #ddd;\\n\\","}\\n\\","</style>\\n\\","</head>\\n\\","<body>\\n\\","<!-- utility2-comment\\n\\","<div id=\"ajaxProgressDiv1\" style=\"background: #d00; height: 2px; left: 0; margin: 0; padding: 0; position: fixed; top: 0; transition: background 0.5s, width 1.5s; width: 25%;\"></div>\\n\\","utility2-comment -->\\n\\","<h1>\\n\\","<!-- utility2-comment\\n\\","    <a\\n\\","        {{#if env.npm_package_homepage}}\\n\\","        href=\"{{env.npm_package_homepage}}\"\\n\\","        {{/if env.npm_package_homepage}}\\n\\","        target=\"_blank\"\\n\\","    >\\n\\","utility2-comment -->\\n\\","        {{env.npm_package_name}} (v{{env.npm_package_version}})\\n\\","<!-- utility2-comment\\n\\","    </a>\\n\\","utility2-comment -->\\n\\","</h1>\\n\\","<h3>{{env.npm_package_description}}</h3>\\n\\","<!-- utility2-comment\\n\\","<h4><a download href=\"assets.app.js\">download standalone app</a></h4>\\n\\","<button class=\"onclick onreset\" id=\"testRunButton1\">run internal test</button><br>\\n\\","<div id=\"testReportDiv1\" style=\"display: none;\"></div>\\n\\","utility2-comment -->\\n\\","\\n\\","\\n\\","\\n\\","<label>stderr and stdout</label>\\n\\","<textarea class=\"resettable\" id=\"outputTextareaStdout1\" readonly></textarea>\\n\\","<!-- utility2-comment\\n\\","{{#if isRollup}}\\n\\","<script src=\"assets.app.js\"></script>\\n\\","{{#unless isRollup}}\\n\\","utility2-comment -->\\n\\","<script src=\"assets.utility2.rollup.js\"></script>\\n\\","<script src=\"jsonp.utility2._stateInit?callback=window.utility2._stateInit\"></script>\\n\\","<script src=\"assets.npmtest_react_stripe_checkout.rollup.js\"></script>\\n\\","<script src=\"assets.example.js\"></script>\\n\\","<script src=\"assets.test.js\"></script>\\n\\","<!-- utility2-comment\\n\\","{{/if isRollup}}\\n\\","utility2-comment -->\\n\\","<div class=\"utility2FooterDiv\">\\n\\","    [ this app was created with\\n\\","    <a href=\"https://github.com/kaizhu256/node-utility2\" target=\"_blank\">utility2</a>\\n\\","    ]\\n\\","</div>\\n\\","</body>\\n\\","</html>\\n\\","';","        /* jslint-ignore-end */","        if (local.templateRender) {","            local.assetsDict['/'] = local.templateRender(","                local.assetsDict['/assets.index.template.html'],","                {","                    env: local.objectSetDefault(local.env, {","                        npm_package_description: 'the greatest app in the world!',","                        npm_package_name: 'my-app',","                        npm_package_nameAlias: 'my_app',","                        npm_package_version: '0.0.1'","                    })","                }","            );","        } else {","            local.assetsDict['/'] = local.assetsDict['/assets.index.template.html']","                .replace((/\\{\\{env\\.(\\w+?)\\}\\}/g), function (match0, match1) {","                    // jslint-hack","                    String(match0);","                    switch (match1) {","                    case 'npm_package_description':","                        return 'the greatest app in the world!';","                    case 'npm_package_name':","                        return 'my-app';","                    case 'npm_package_nameAlias':","                        return 'my_app';","                    case 'npm_package_version':","                        return '0.0.1';","                    }","                });","        }","        // run the cli","        if (local.global.utility2_rollup || module !== require.main) {","            break;","        }","        local.assetsDict['/assets.example.js'] =","            local.assetsDict['/assets.example.js'] ||","            local.fs.readFileSync(__filename, 'utf8');","        // bug-workaround - long $npm_package_buildCustomOrg","        /* jslint-ignore-begin */","        local.assetsDict['/assets.npmtest_react_stripe_checkout.rollup.js'] =","            local.assetsDict['/assets.npmtest_react_stripe_checkout.rollup.js'] ||","            local.fs.readFileSync(","                local.npmtest_react_stripe_checkout.__dirname + '/lib.npmtest_react_stripe_checkout.js',","                'utf8'","            ).replace((/^#!/), '//');","        /* jslint-ignore-end */","        local.assetsDict['/favicon.ico'] = local.assetsDict['/favicon.ico'] || '';","        // if $npm_config_timeout_exit exists,","        // then exit this process after $npm_config_timeout_exit ms","        if (Number(process.env.npm_config_timeout_exit)) {","            setTimeout(process.exit, Number(process.env.npm_config_timeout_exit));","        }","        // start server","        if (local.global.utility2_serverHttp1) {","            break;","        }","        process.env.PORT = process.env.PORT || '8081';","        console.error('server starting on port ' + process.env.PORT);","        local.http.createServer(function (request, response) {","            request.urlParsed = local.url.parse(request.url);","            if (local.assetsDict[request.urlParsed.pathname] !== undefined) {","                response.end(local.assetsDict[request.urlParsed.pathname]);","                return;","            }","            response.statusCode = 404;","            response.end();","        }).listen(process.env.PORT);","        break;","    }","}());",""],"l":{"26":2,"28":2,"33":2,"35":2,"37":2,"38":2,"39":2,"44":1,"51":2,"55":2,"59":2,"61":2,"69":1,"70":2,"76":2,"79":2,"82":2,"83":2,"85":1,"89":2,"92":1,"93":1,"94":1,"96":1,"97":1,"100":1,"101":1,"103":1,"106":1,"108":2,"114":1,"116":1,"118":1,"123":1,"124":2,"125":2,"126":3,"127":3,"128":3,"129":3,"130":1,"133":3,"134":3,"139":3,"143":1,"144":3,"145":1,"149":1,"150":1,"158":1,"160":1,"161":1,"162":1,"164":1,"166":1,"258":1,"259":1,"271":1,"274":6,"275":6,"277":1,"279":2,"281":1,"283":2,"288":1,"289":1,"291":1,"296":1,"303":1,"306":1,"307":1,"310":1,"311":1,"313":1,"314":1,"315":1,"316":1,"317":1,"318":1,"319":1,"321":1,"322":1,"324":1}},"/home/travis/build/npmtest/node-npmtest-react-stripe-checkout/node_modules/react-stripe-checkout/dist/main.js":{"path":"/home/travis/build/npmtest/node-npmtest-react-stripe-checkout/node_modules/react-stripe-checkout/dist/main.js","s":{"1":2,"2":2,"3":0,"4":0,"5":0,"6":0,"7":0,"8":0,"9":2,"10":1,"11":0,"12":0,"13":0,"14":0,"15":0,"16":0,"17":0,"18":2,"19":0,"20":0,"21":0,"22":0,"23":0,"24":2,"25":0,"26":1,"27":0,"28":1,"29":0,"30":0,"31":0,"32":0,"33":1,"34":0,"35":0,"36":1,"37":0,"38":0,"39":0,"40":1,"41":0,"42":0,"43":0,"44":0,"45":0,"46":0,"47":0,"48":0,"49":0,"50":0,"51":1,"52":0,"53":0,"54":0,"55":0,"56":0,"57":0,"58":0,"59":0,"60":0,"61":0,"62":0,"63":0,"64":0,"65":0,"66":0,"67":0,"68":0,"69":0,"70":0,"71":0,"72":0,"73":0,"74":0,"75":0,"76":0,"77":0,"78":0,"79":0,"80":0,"81":0,"82":0,"83":0,"84":0,"85":0,"86":0,"87":0,"88":0,"89":0,"90":0,"91":0,"92":0,"93":0,"94":0,"95":0,"96":0,"97":0,"98":0,"99":0,"100":0,"101":0,"102":0,"103":0,"104":0,"105":0,"106":0,"107":0,"108":0,"109":0,"110":0,"111":0,"112":0,"113":0,"114":0,"115":0,"116":0,"117":0,"118":0,"119":0,"120":0,"121":0,"122":0,"123":0,"124":0,"125":0,"126":0,"127":0,"128":0,"129":0,"130":0,"131":0,"132":0,"133":0,"134":0,"135":0,"136":0,"137":0,"138":0,"139":0,"140":0,"141":0,"142":0,"143":0,"144":0,"145":0,"146":0,"147":0,"148":0,"149":0,"150":0,"151":0,"152":0,"153":0,"154":0,"155":0,"156":0,"157":0,"158":0,"159":0,"160":0,"161":0},"b":{"1":[2,0],"2":[0,0],"3":[0,0],"4":[0,0],"5":[0,0],"6":[0,0],"7":[0,0],"8":[0,0],"9":[0,0],"10":[0,0],"11":[0,0],"12":[0,0],"13":[0,0,0],"14":[0,0],"15":[0,0],"16":[0,0],"17":[0,0],"18":[0,0],"19":[0,0],"20":[0,0],"21":[0,0],"22":[0,0],"23":[0,0],"24":[0,0],"25":[0,0],"26":[0,0],"27":[0,0],"28":[0,0],"29":[0,0],"30":[0,0],"31":[0,0],"32":[0,0],"33":[0,0],"34":[0,0],"35":[0,0],"36":[0,0],"37":[0,0],"38":[0,0],"39":[0,0],"40":[0,0],"41":[0,0],"42":[0,0],"43":[0,0],"44":[0,0],"45":[0,0],"46":[0,0],"47":[0,0],"48":[0,0]},"f":{"1":0,"2":2,"3":0,"4":0,"5":0,"6":0,"7":0,"8":0,"9":0,"10":0,"11":0,"12":0,"13":0,"14":0,"15":0,"16":0,"17":0,"18":0,"19":0,"20":0,"21":0,"22":0,"23":0,"24":0,"25":0,"26":0,"27":0,"28":0,"29":0,"30":0,"31":0,"32":0,"33":0,"34":0,"35":0,"36":0,"37":0,"38":0},"fnMap":{"1":{"name":"(anonymous_1)","line":7,"loc":{"start":{"line":7,"column":32},"end":{"line":7,"column":50}}},"2":{"name":"(anonymous_2)","line":9,"loc":{"start":{"line":9,"column":19},"end":{"line":9,"column":31}}},"3":{"name":"defineProperties","line":9,"loc":{"start":{"line":9,"column":33},"end":{"line":9,"column":74}}},"4":{"name":"(anonymous_4)","line":9,"loc":{"start":{"line":9,"column":357},"end":{"line":9,"column":405}}},"5":{"name":"_interopRequireDefault","line":15,"loc":{"start":{"line":15,"column":0},"end":{"line":15,"column":37}}},"6":{"name":"_defineProperty","line":17,"loc":{"start":{"line":17,"column":0},"end":{"line":17,"column":42}}},"7":{"name":"_classCallCheck","line":19,"loc":{"start":{"line":19,"column":0},"end":{"line":19,"column":48}}},"8":{"name":"_possibleConstructorReturn","line":21,"loc":{"start":{"line":21,"column":0},"end":{"line":21,"column":48}}},"9":{"name":"_inherits","line":23,"loc":{"start":{"line":23,"column":0},"end":{"line":23,"column":41}}},"10":{"name":"(anonymous_10)","line":29,"loc":{"start":{"line":29,"column":26},"end":{"line":29,"column":54}}},"11":{"name":"ReactStripeCheckout","line":32,"loc":{"start":{"line":32,"column":2},"end":{"line":32,"column":38}}},"12":{"name":"(anonymous_12)","line":37,"loc":{"start":{"line":37,"column":27},"end":{"line":37,"column":39}}},"13":{"name":"(anonymous_13)","line":48,"loc":{"start":{"line":48,"column":26},"end":{"line":48,"column":38}}},"14":{"name":"(anonymous_14)","line":59,"loc":{"start":{"line":59,"column":21},"end":{"line":59,"column":33}}},"15":{"name":"(anonymous_15)","line":70,"loc":{"start":{"line":70,"column":21},"end":{"line":70,"column":33}}},"16":{"name":"(anonymous_16)","line":81,"loc":{"start":{"line":81,"column":22},"end":{"line":81,"column":34}}},"17":{"name":"(anonymous_17)","line":82,"loc":{"start":{"line":82,"column":223},"end":{"line":82,"column":246}}},"18":{"name":"(anonymous_18)","line":90,"loc":{"start":{"line":90,"column":20},"end":{"line":90,"column":32}}},"19":{"name":"(anonymous_19)","line":108,"loc":{"start":{"line":108,"column":30},"end":{"line":108,"column":42}}},"20":{"name":"(anonymous_20)","line":114,"loc":{"start":{"line":114,"column":28},"end":{"line":114,"column":40}}},"21":{"name":"componentDidMount","line":129,"loc":{"start":{"line":129,"column":11},"end":{"line":129,"column":40}}},"22":{"name":"(anonymous_22)","line":150,"loc":{"start":{"line":150,"column":25},"end":{"line":150,"column":37}}},"23":{"name":"(anonymous_23)","line":152,"loc":{"start":{"line":152,"column":34},"end":{"line":152,"column":61}}},"24":{"name":"(anonymous_24)","line":153,"loc":{"start":{"line":153,"column":26},"end":{"line":153,"column":38}}},"25":{"name":"(anonymous_25)","line":159,"loc":{"start":{"line":159,"column":27},"end":{"line":159,"column":44}}},"26":{"name":"(anonymous_26)","line":166,"loc":{"start":{"line":166,"column":41},"end":{"line":166,"column":67}}},"27":{"name":"(anonymous_27)","line":167,"loc":{"start":{"line":167,"column":23},"end":{"line":167,"column":35}}},"28":{"name":"(anonymous_28)","line":170,"loc":{"start":{"line":170,"column":24},"end":{"line":170,"column":41}}},"29":{"name":"cancel","line":177,"loc":{"start":{"line":177,"column":18},"end":{"line":177,"column":36}}},"30":{"name":"componentDidUpdate","line":189,"loc":{"start":{"line":189,"column":11},"end":{"line":189,"column":41}}},"31":{"name":"componentWillUnmount","line":196,"loc":{"start":{"line":196,"column":11},"end":{"line":196,"column":43}}},"32":{"name":"updateStripeHandler","line":206,"loc":{"start":{"line":206,"column":11},"end":{"line":206,"column":42}}},"33":{"name":"showLoadingDialog","line":215,"loc":{"start":{"line":215,"column":11},"end":{"line":215,"column":40}}},"34":{"name":"hideLoadingDialog","line":226,"loc":{"start":{"line":226,"column":11},"end":{"line":226,"column":40}}},"35":{"name":"showStripeDialog","line":237,"loc":{"start":{"line":237,"column":11},"end":{"line":237,"column":39}}},"36":{"name":"renderDefaultStripeButton","line":243,"loc":{"start":{"line":243,"column":11},"end":{"line":243,"column":48}}},"37":{"name":"renderDisabledButton","line":298,"loc":{"start":{"line":298,"column":11},"end":{"line":298,"column":43}}},"38":{"name":"render","line":338,"loc":{"start":{"line":338,"column":11},"end":{"line":338,"column":29}}}},"statementMap":{"1":{"start":{"line":3,"column":0},"end":{"line":5,"column":3}},"2":{"start":{"line":7,"column":0},"end":{"line":7,"column":257}},"3":{"start":{"line":7,"column":52},"end":{"line":7,"column":239}},"4":{"start":{"line":7,"column":97},"end":{"line":7,"column":123}},"5":{"start":{"line":7,"column":124},"end":{"line":7,"column":237}},"6":{"start":{"line":7,"column":150},"end":{"line":7,"column":235}},"7":{"start":{"line":7,"column":207},"end":{"line":7,"column":233}},"8":{"start":{"line":7,"column":240},"end":{"line":7,"column":254}},"9":{"start":{"line":9,"column":0},"end":{"line":9,"column":564}},"10":{"start":{"line":9,"column":33},"end":{"line":9,"column":349}},"11":{"start":{"line":9,"column":76},"end":{"line":9,"column":347}},"12":{"start":{"line":9,"column":117},"end":{"line":9,"column":143}},"13":{"start":{"line":9,"column":144},"end":{"line":9,"column":199}},"14":{"start":{"line":9,"column":200},"end":{"line":9,"column":231}},"15":{"start":{"line":9,"column":232},"end":{"line":9,"column":286}},"16":{"start":{"line":9,"column":259},"end":{"line":9,"column":286}},"17":{"start":{"line":9,"column":287},"end":{"line":9,"column":345}},"18":{"start":{"line":9,"column":350},"end":{"line":9,"column":559}},"19":{"start":{"line":9,"column":407},"end":{"line":9,"column":475}},"20":{"start":{"line":9,"column":423},"end":{"line":9,"column":475}},"21":{"start":{"line":9,"column":476},"end":{"line":9,"column":536}},"22":{"start":{"line":9,"column":493},"end":{"line":9,"column":536}},"23":{"start":{"line":9,"column":537},"end":{"line":9,"column":556}},"24":{"start":{"line":11,"column":0},"end":{"line":11,"column":30}},"25":{"start":{"line":13,"column":0},"end":{"line":13,"column":45}},"26":{"start":{"line":15,"column":0},"end":{"line":15,"column":95}},"27":{"start":{"line":15,"column":39},"end":{"line":15,"column":93}},"28":{"start":{"line":17,"column":0},"end":{"line":17,"column":209}},"29":{"start":{"line":17,"column":44},"end":{"line":17,"column":195}},"30":{"start":{"line":17,"column":62},"end":{"line":17,"column":166}},"31":{"start":{"line":17,"column":176},"end":{"line":17,"column":193}},"32":{"start":{"line":17,"column":196},"end":{"line":17,"column":207}},"33":{"start":{"line":19,"column":0},"end":{"line":19,"column":153}},"34":{"start":{"line":19,"column":50},"end":{"line":19,"column":151}},"35":{"start":{"line":19,"column":92},"end":{"line":19,"column":149}},"36":{"start":{"line":21,"column":0},"end":{"line":21,"column":240}},"37":{"start":{"line":21,"column":50},"end":{"line":21,"column":151}},"38":{"start":{"line":21,"column":63},"end":{"line":21,"column":149}},"39":{"start":{"line":21,"column":152},"end":{"line":21,"column":238}},"40":{"start":{"line":23,"column":0},"end":{"line":23,"column":494}},"41":{"start":{"line":23,"column":43},"end":{"line":23,"column":208}},"42":{"start":{"line":23,"column":106},"end":{"line":23,"column":206}},"43":{"start":{"line":23,"column":209},"end":{"line":23,"column":373}},"44":{"start":{"line":23,"column":374},"end":{"line":23,"column":492}},"45":{"start":{"line":23,"column":390},"end":{"line":23,"column":492}},"46":{"start":{"line":25,"column":0},"end":{"line":25,"column":26}},"47":{"start":{"line":26,"column":0},"end":{"line":26,"column":25}},"48":{"start":{"line":27,"column":0},"end":{"line":27,"column":27}},"49":{"start":{"line":29,"column":0},"end":{"line":357,"column":29}},"50":{"start":{"line":30,"column":2},"end":{"line":30,"column":51}},"51":{"start":{"line":32,"column":2},"end":{"line":125,"column":3}},"52":{"start":{"line":33,"column":4},"end":{"line":33,"column":47}},"53":{"start":{"line":35,"column":4},"end":{"line":35,"column":111}},"54":{"start":{"line":37,"column":4},"end":{"line":46,"column":6}},"55":{"start":{"line":38,"column":6},"end":{"line":45,"column":7}},"56":{"start":{"line":39,"column":8},"end":{"line":41,"column":11}},"57":{"start":{"line":42,"column":8},"end":{"line":44,"column":9}},"58":{"start":{"line":43,"column":10},"end":{"line":43,"column":35}},"59":{"start":{"line":48,"column":4},"end":{"line":57,"column":6}},"60":{"start":{"line":49,"column":6},"end":{"line":51,"column":7}},"61":{"start":{"line":50,"column":8},"end":{"line":50,"column":37}},"62":{"start":{"line":53,"column":6},"end":{"line":53,"column":32}},"63":{"start":{"line":54,"column":6},"end":{"line":56,"column":7}},"64":{"start":{"line":55,"column":8},"end":{"line":55,"column":53}},"65":{"start":{"line":59,"column":4},"end":{"line":68,"column":6}},"66":{"start":{"line":60,"column":6},"end":{"line":62,"column":7}},"67":{"start":{"line":61,"column":8},"end":{"line":61,"column":39}},"68":{"start":{"line":64,"column":6},"end":{"line":64,"column":38}},"69":{"start":{"line":65,"column":6},"end":{"line":67,"column":7}},"70":{"start":{"line":66,"column":8},"end":{"line":66,"column":46}},"71":{"start":{"line":70,"column":4},"end":{"line":79,"column":6}},"72":{"start":{"line":71,"column":6},"end":{"line":73,"column":7}},"73":{"start":{"line":72,"column":8},"end":{"line":72,"column":39}},"74":{"start":{"line":75,"column":6},"end":{"line":75,"column":37}},"75":{"start":{"line":76,"column":6},"end":{"line":78,"column":7}},"76":{"start":{"line":77,"column":8},"end":{"line":77,"column":46}},"77":{"start":{"line":81,"column":4},"end":{"line":88,"column":6}},"78":{"start":{"line":82,"column":6},"end":{"line":87,"column":9}},"79":{"start":{"line":83,"column":8},"end":{"line":83,"column":115}},"80":{"start":{"line":90,"column":4},"end":{"line":106,"column":6}},"81":{"start":{"line":92,"column":6},"end":{"line":94,"column":7}},"82":{"start":{"line":93,"column":8},"end":{"line":93,"column":15}},"83":{"start":{"line":96,"column":6},"end":{"line":105,"column":7}},"84":{"start":{"line":97,"column":8},"end":{"line":99,"column":22}},"85":{"start":{"line":98,"column":10},"end":{"line":98,"column":86}},"86":{"start":{"line":100,"column":13},"end":{"line":105,"column":7}},"87":{"start":{"line":101,"column":8},"end":{"line":101,"column":33}},"88":{"start":{"line":103,"column":8},"end":{"line":103,"column":34}},"89":{"start":{"line":104,"column":8},"end":{"line":104,"column":37}},"90":{"start":{"line":108,"column":4},"end":{"line":112,"column":6}},"91":{"start":{"line":109,"column":6},"end":{"line":111,"column":9}},"92":{"start":{"line":114,"column":4},"end":{"line":118,"column":6}},"93":{"start":{"line":115,"column":6},"end":{"line":117,"column":9}},"94":{"start":{"line":120,"column":4},"end":{"line":123,"column":6}},"95":{"start":{"line":124,"column":4},"end":{"line":124,"column":17}},"96":{"start":{"line":127,"column":2},"end":{"line":354,"column":6}},"97":{"start":{"line":130,"column":6},"end":{"line":130,"column":24}},"98":{"start":{"line":132,"column":6},"end":{"line":134,"column":7}},"99":{"start":{"line":133,"column":8},"end":{"line":133,"column":15}},"100":{"start":{"line":136,"column":6},"end":{"line":138,"column":7}},"101":{"start":{"line":137,"column":8},"end":{"line":137,"column":15}},"102":{"start":{"line":140,"column":6},"end":{"line":140,"column":27}},"103":{"start":{"line":142,"column":6},"end":{"line":142,"column":52}},"104":{"start":{"line":143,"column":6},"end":{"line":145,"column":7}},"105":{"start":{"line":144,"column":8},"end":{"line":144,"column":46}},"106":{"start":{"line":147,"column":6},"end":{"line":147,"column":61}},"107":{"start":{"line":148,"column":6},"end":{"line":148,"column":23}},"108":{"start":{"line":150,"column":6},"end":{"line":181,"column":10}},"109":{"start":{"line":151,"column":8},"end":{"line":151,"column":29}},"110":{"start":{"line":152,"column":8},"end":{"line":165,"column":11}},"111":{"start":{"line":153,"column":10},"end":{"line":158,"column":12}},"112":{"start":{"line":154,"column":12},"end":{"line":154,"column":32}},"113":{"start":{"line":155,"column":12},"end":{"line":155,"column":34}},"114":{"start":{"line":156,"column":12},"end":{"line":156,"column":22}},"115":{"start":{"line":157,"column":12},"end":{"line":157,"column":36}},"116":{"start":{"line":159,"column":10},"end":{"line":164,"column":12}},"117":{"start":{"line":160,"column":12},"end":{"line":160,"column":34}},"118":{"start":{"line":161,"column":12},"end":{"line":161,"column":34}},"119":{"start":{"line":162,"column":12},"end":{"line":162,"column":26}},"120":{"start":{"line":163,"column":12},"end":{"line":163,"column":40}},"121":{"start":{"line":166,"column":8},"end":{"line":173,"column":11}},"122":{"start":{"line":167,"column":10},"end":{"line":169,"column":13}},"123":{"start":{"line":168,"column":12},"end":{"line":168,"column":70}},"124":{"start":{"line":170,"column":10},"end":{"line":172,"column":13}},"125":{"start":{"line":171,"column":12},"end":{"line":171,"column":75}},"126":{"start":{"line":175,"column":8},"end":{"line":180,"column":10}},"127":{"start":{"line":178,"column":12},"end":{"line":178,"column":28}},"128":{"start":{"line":183,"column":6},"end":{"line":183,"column":83}},"129":{"start":{"line":185,"column":6},"end":{"line":185,"column":40}},"130":{"start":{"line":190,"column":6},"end":{"line":192,"column":7}},"131":{"start":{"line":191,"column":8},"end":{"line":191,"column":35}},"132":{"start":{"line":197,"column":6},"end":{"line":199,"column":7}},"133":{"start":{"line":198,"column":8},"end":{"line":198,"column":34}},"134":{"start":{"line":200,"column":6},"end":{"line":202,"column":7}},"135":{"start":{"line":201,"column":8},"end":{"line":201,"column":50}},"136":{"start":{"line":207,"column":6},"end":{"line":211,"column":7}},"137":{"start":{"line":208,"column":8},"end":{"line":210,"column":11}},"138":{"start":{"line":216,"column":6},"end":{"line":222,"column":7}},"139":{"start":{"line":217,"column":8},"end":{"line":219,"column":9}},"140":{"start":{"line":218,"column":10},"end":{"line":218,"column":41}},"141":{"start":{"line":221,"column":8},"end":{"line":221,"column":55}},"142":{"start":{"line":227,"column":6},"end":{"line":233,"column":7}},"143":{"start":{"line":228,"column":8},"end":{"line":230,"column":9}},"144":{"start":{"line":229,"column":10},"end":{"line":229,"column":41}},"145":{"start":{"line":232,"column":8},"end":{"line":232,"column":55}},"146":{"start":{"line":238,"column":6},"end":{"line":238,"column":31}},"147":{"start":{"line":239,"column":6},"end":{"line":239,"column":63}},"148":{"start":{"line":244,"column":6},"end":{"line":294,"column":8}},"149":{"start":{"line":299,"column":6},"end":{"line":334,"column":8}},"150":{"start":{"line":339,"column":6},"end":{"line":343,"column":7}},"151":{"start":{"line":340,"column":8},"end":{"line":340,"column":23}},"152":{"start":{"line":341,"column":13},"end":{"line":343,"column":7}},"153":{"start":{"line":342,"column":8},"end":{"line":342,"column":50}},"154":{"start":{"line":345,"column":6},"end":{"line":345,"column":53}},"155":{"start":{"line":347,"column":6},"end":{"line":351,"column":7}},"156":{"start":{"line":348,"column":8},"end":{"line":350,"column":12}},"157":{"start":{"line":352,"column":6},"end":{"line":352,"column":98}},"158":{"start":{"line":356,"column":2},"end":{"line":356,"column":29}},"159":{"start":{"line":359,"column":0},"end":{"line":366,"column":2}},"160":{"start":{"line":367,"column":0},"end":{"line":525,"column":2}},"161":{"start":{"line":526,"column":0},"end":{"line":526,"column":38}}},"branchMap":{"1":{"line":7,"type":"binary-expr","locations":[{"start":{"line":7,"column":15},"end":{"line":7,"column":28}},{"start":{"line":7,"column":32},"end":{"line":7,"column":256}}]},"2":{"line":7,"type":"if","locations":[{"start":{"line":7,"column":150},"end":{"line":7,"column":150}},{"start":{"line":7,"column":150},"end":{"line":7,"column":150}}]},"3":{"line":9,"type":"binary-expr","locations":[{"start":{"line":9,"column":168},"end":{"line":9,"column":189}},{"start":{"line":9,"column":193},"end":{"line":9,"column":198}}]},"4":{"line":9,"type":"if","locations":[{"start":{"line":9,"column":232},"end":{"line":9,"column":232}},{"start":{"line":9,"column":232},"end":{"line":9,"column":232}}]},"5":{"line":9,"type":"if","locations":[{"start":{"line":9,"column":407},"end":{"line":9,"column":407}},{"start":{"line":9,"column":407},"end":{"line":9,"column":407}}]},"6":{"line":9,"type":"if","locations":[{"start":{"line":9,"column":476},"end":{"line":9,"column":476}},{"start":{"line":9,"column":476},"end":{"line":9,"column":476}}]},"7":{"line":15,"type":"cond-expr","locations":[{"start":{"line":15,"column":70},"end":{"line":15,"column":73}},{"start":{"line":15,"column":76},"end":{"line":15,"column":92}}]},"8":{"line":15,"type":"binary-expr","locations":[{"start":{"line":15,"column":46},"end":{"line":15,"column":49}},{"start":{"line":15,"column":53},"end":{"line":15,"column":67}}]},"9":{"line":17,"type":"if","locations":[{"start":{"line":17,"column":44},"end":{"line":17,"column":44}},{"start":{"line":17,"column":44},"end":{"line":17,"column":44}}]},"10":{"line":19,"type":"if","locations":[{"start":{"line":19,"column":50},"end":{"line":19,"column":50}},{"start":{"line":19,"column":50},"end":{"line":19,"column":50}}]},"11":{"line":21,"type":"if","locations":[{"start":{"line":21,"column":50},"end":{"line":21,"column":50}},{"start":{"line":21,"column":50},"end":{"line":21,"column":50}}]},"12":{"line":21,"type":"cond-expr","locations":[{"start":{"line":21,"column":226},"end":{"line":21,"column":230}},{"start":{"line":21,"column":233},"end":{"line":21,"column":237}}]},"13":{"line":21,"type":"binary-expr","locations":[{"start":{"line":21,"column":159},"end":{"line":21,"column":163}},{"start":{"line":21,"column":168},"end":{"line":21,"column":192}},{"start":{"line":21,"column":196},"end":{"line":21,"column":222}}]},"14":{"line":23,"type":"if","locations":[{"start":{"line":23,"column":43},"end":{"line":23,"column":43}},{"start":{"line":23,"column":43},"end":{"line":23,"column":43}}]},"15":{"line":23,"type":"binary-expr","locations":[{"start":{"line":23,"column":47},"end":{"line":23,"column":79}},{"start":{"line":23,"column":83},"end":{"line":23,"column":102}}]},"16":{"line":23,"type":"binary-expr","locations":[{"start":{"line":23,"column":244},"end":{"line":23,"column":254}},{"start":{"line":23,"column":258},"end":{"line":23,"column":278}}]},"17":{"line":23,"type":"if","locations":[{"start":{"line":23,"column":374},"end":{"line":23,"column":374}},{"start":{"line":23,"column":374},"end":{"line":23,"column":374}}]},"18":{"line":23,"type":"cond-expr","locations":[{"start":{"line":23,"column":414},"end":{"line":23,"column":457}},{"start":{"line":23,"column":460},"end":{"line":23,"column":491}}]},"19":{"line":38,"type":"if","locations":[{"start":{"line":38,"column":6},"end":{"line":38,"column":6}},{"start":{"line":38,"column":6},"end":{"line":38,"column":6}}]},"20":{"line":42,"type":"if","locations":[{"start":{"line":42,"column":8},"end":{"line":42,"column":8}},{"start":{"line":42,"column":8},"end":{"line":42,"column":8}}]},"21":{"line":54,"type":"if","locations":[{"start":{"line":54,"column":6},"end":{"line":54,"column":6}},{"start":{"line":54,"column":6},"end":{"line":54,"column":6}}]},"22":{"line":65,"type":"if","locations":[{"start":{"line":65,"column":6},"end":{"line":65,"column":6}},{"start":{"line":65,"column":6},"end":{"line":65,"column":6}}]},"23":{"line":76,"type":"if","locations":[{"start":{"line":76,"column":6},"end":{"line":76,"column":6}},{"start":{"line":76,"column":6},"end":{"line":76,"column":6}}]},"24":{"line":83,"type":"binary-expr","locations":[{"start":{"line":83,"column":36},"end":{"line":83,"column":67}},{"start":{"line":83,"column":71},"end":{"line":83,"column":113}}]},"25":{"line":92,"type":"if","locations":[{"start":{"line":92,"column":6},"end":{"line":92,"column":6}},{"start":{"line":92,"column":6},"end":{"line":92,"column":6}}]},"26":{"line":96,"type":"if","locations":[{"start":{"line":96,"column":6},"end":{"line":96,"column":6}},{"start":{"line":96,"column":6},"end":{"line":96,"column":6}}]},"27":{"line":100,"type":"if","locations":[{"start":{"line":100,"column":13},"end":{"line":100,"column":13}},{"start":{"line":100,"column":13},"end":{"line":100,"column":13}}]},"28":{"line":132,"type":"if","locations":[{"start":{"line":132,"column":6},"end":{"line":132,"column":6}},{"start":{"line":132,"column":6},"end":{"line":132,"column":6}}]},"29":{"line":136,"type":"if","locations":[{"start":{"line":136,"column":6},"end":{"line":136,"column":6}},{"start":{"line":136,"column":6},"end":{"line":136,"column":6}}]},"30":{"line":143,"type":"if","locations":[{"start":{"line":143,"column":6},"end":{"line":143,"column":6}},{"start":{"line":143,"column":6},"end":{"line":143,"column":6}}]},"31":{"line":168,"type":"cond-expr","locations":[{"start":{"line":168,"column":30},"end":{"line":168,"column":58}},{"start":{"line":168,"column":61},"end":{"line":168,"column":69}}]},"32":{"line":171,"type":"cond-expr","locations":[{"start":{"line":171,"column":30},"end":{"line":171,"column":58}},{"start":{"line":171,"column":61},"end":{"line":171,"column":74}}]},"33":{"line":190,"type":"if","locations":[{"start":{"line":190,"column":6},"end":{"line":190,"column":6}},{"start":{"line":190,"column":6},"end":{"line":190,"column":6}}]},"34":{"line":197,"type":"if","locations":[{"start":{"line":197,"column":6},"end":{"line":197,"column":6}},{"start":{"line":197,"column":6},"end":{"line":197,"column":6}}]},"35":{"line":200,"type":"if","locations":[{"start":{"line":200,"column":6},"end":{"line":200,"column":6}},{"start":{"line":200,"column":6},"end":{"line":200,"column":6}}]},"36":{"line":200,"type":"binary-expr","locations":[{"start":{"line":200,"column":10},"end":{"line":200,"column":43}},{"start":{"line":200,"column":47},"end":{"line":200,"column":62}}]},"37":{"line":207,"type":"if","locations":[{"start":{"line":207,"column":6},"end":{"line":207,"column":6}},{"start":{"line":207,"column":6},"end":{"line":207,"column":6}}]},"38":{"line":207,"type":"binary-expr","locations":[{"start":{"line":207,"column":10},"end":{"line":207,"column":44}},{"start":{"line":207,"column":48},"end":{"line":207,"column":78}}]},"39":{"line":216,"type":"if","locations":[{"start":{"line":216,"column":6},"end":{"line":216,"column":6}},{"start":{"line":216,"column":6},"end":{"line":216,"column":6}}]},"40":{"line":227,"type":"if","locations":[{"start":{"line":227,"column":6},"end":{"line":227,"column":6}},{"start":{"line":227,"column":6},"end":{"line":227,"column":6}}]},"41":{"line":265,"type":"binary-expr","locations":[{"start":{"line":265,"column":13},"end":{"line":265,"column":36}},{"start":{"line":265,"column":40},"end":{"line":267,"column":11}}]},"42":{"line":286,"type":"binary-expr","locations":[{"start":{"line":286,"column":15},"end":{"line":286,"column":38}},{"start":{"line":286,"column":42},"end":{"line":290,"column":13}}]},"43":{"line":339,"type":"if","locations":[{"start":{"line":339,"column":6},"end":{"line":339,"column":6}},{"start":{"line":339,"column":6},"end":{"line":339,"column":6}}]},"44":{"line":339,"type":"binary-expr","locations":[{"start":{"line":339,"column":10},"end":{"line":339,"column":46}},{"start":{"line":339,"column":50},"end":{"line":339,"column":66}}]},"45":{"line":341,"type":"if","locations":[{"start":{"line":341,"column":13},"end":{"line":341,"column":13}},{"start":{"line":341,"column":13},"end":{"line":341,"column":13}}]},"46":{"line":341,"type":"binary-expr","locations":[{"start":{"line":341,"column":17},"end":{"line":341,"column":54}},{"start":{"line":341,"column":58},"end":{"line":341,"column":73}}]},"47":{"line":347,"type":"if","locations":[{"start":{"line":347,"column":6},"end":{"line":347,"column":6}},{"start":{"line":347,"column":6},"end":{"line":347,"column":6}}]},"48":{"line":352,"type":"cond-expr","locations":[{"start":{"line":352,"column":35},"end":{"line":352,"column":62}},{"start":{"line":352,"column":65},"end":{"line":352,"column":97}}]}},"code":["'use strict';","","Object.defineProperty(exports, \"__esModule\", {","  value: true","});","","var _extends = Object.assign || function (target) { for (var i = 1; i < arguments.length; i++) { var source = arguments[i]; for (var key in source) { if (Object.prototype.hasOwnProperty.call(source, key)) { target[key] = source[key]; } } } return target; };","","var _createClass = function () { function defineProperties(target, props) { for (var i = 0; i < props.length; i++) { var descriptor = props[i]; descriptor.enumerable = descriptor.enumerable || false; descriptor.configurable = true; if (\"value\" in descriptor) descriptor.writable = true; Object.defineProperty(target, descriptor.key, descriptor); } } return function (Constructor, protoProps, staticProps) { if (protoProps) defineProperties(Constructor.prototype, protoProps); if (staticProps) defineProperties(Constructor, staticProps); return Constructor; }; }();","","var _react = require('react');","","var _react2 = _interopRequireDefault(_react);","","function _interopRequireDefault(obj) { return obj && obj.__esModule ? obj : { default: obj }; }","","function _defineProperty(obj, key, value) { if (key in obj) { Object.defineProperty(obj, key, { value: value, enumerable: true, configurable: true, writable: true }); } else { obj[key] = value; } return obj; }","","function _classCallCheck(instance, Constructor) { if (!(instance instanceof Constructor)) { throw new TypeError(\"Cannot call a class as a function\"); } }","","function _possibleConstructorReturn(self, call) { if (!self) { throw new ReferenceError(\"this hasn't been initialised - super() hasn't been called\"); } return call && (typeof call === \"object\" || typeof call === \"function\") ? call : self; }","","function _inherits(subClass, superClass) { if (typeof superClass !== \"function\" && superClass !== null) { throw new TypeError(\"Super expression must either be null or a function, not \" + typeof superClass); } subClass.prototype = Object.create(superClass && superClass.prototype, { constructor: { value: subClass, enumerable: false, writable: true, configurable: true } }); if (superClass) Object.setPrototypeOf ? Object.setPrototypeOf(subClass, superClass) : subClass.__proto__ = superClass; }","","var scriptLoading = false;","var scriptLoaded = false;","var scriptDidError = false;","","var ReactStripeCheckout = function (_React$Component) {","  _inherits(ReactStripeCheckout, _React$Component);","","  function ReactStripeCheckout(props) {","    _classCallCheck(this, ReactStripeCheckout);","","    var _this = _possibleConstructorReturn(this, Object.getPrototypeOf(ReactStripeCheckout).call(this, props));","","    _this.onScriptLoaded = function () {","      if (!ReactStripeCheckout.stripeHandler) {","        ReactStripeCheckout.stripeHandler = StripeCheckout.configure({","          key: _this.props.stripeKey","        });","        if (_this.hasPendingClick) {","          _this.showStripeDialog();","        }","      }","    };","","    _this.onScriptError = function () {","      for (var _len = arguments.length, args = Array(_len), _key = 0; _key < _len; _key++) {","        args[_key] = arguments[_key];","      }","","      _this.hideLoadingDialog();","      if (_this.props.onScriptError) {","        _this.props.onScriptError.apply(_this, args);","      }","    };","","    _this.onClosed = function () {","      for (var _len2 = arguments.length, args = Array(_len2), _key2 = 0; _key2 < _len2; _key2++) {","        args[_key2] = arguments[_key2];","      }","","      _this.setState({ open: false });","      if (_this.props.closed) {","        _this.props.closed.apply(_this, args);","      }","    };","","    _this.onOpened = function () {","      for (var _len3 = arguments.length, args = Array(_len3), _key3 = 0; _key3 < _len3; _key3++) {","        args[_key3] = arguments[_key3];","      }","","      _this.setState({ open: true });","      if (_this.props.opened) {","        _this.props.opened.apply(_this, args);","      }","    };","","    _this.getConfig = function () {","      return ['token', 'image', 'name', 'description', 'amount', 'locale', 'currency', 'panelLabel', 'zipCode', 'shippingAddress', 'billingAddress', 'email', 'allowRememberMe', 'bitcoin', 'alipay', 'alipayReusable'].reduce(function (config, key) {","        return _extends({}, config, _this.props.hasOwnProperty(key) && _defineProperty({}, key, _this.props[key]));","      }, {","        opened: _this.onOpened,","        closed: _this.onClosed","      });","    };","","    _this.onClick = function () {","      // eslint-disable-line react/sort-comp","      if (_this.props.disabled) {","        return;","      }","","      if (scriptDidError) {","        try {","          throw new Error('Tried to call onClick, but StripeCheckout failed to load');","        } catch (x) {} // eslint-disable-line no-empty","      } else if (ReactStripeCheckout.stripeHandler) {","        _this.showStripeDialog();","      } else {","        _this.showLoadingDialog();","        _this.hasPendingClick = true;","      }","    };","","    _this.handleOnMouseDown = function () {","      _this.setState({","        buttonActive: true","      });","    };","","    _this.handleOnMouseUp = function () {","      _this.setState({","        buttonActive: false","      });","    };","","    _this.state = {","      open: false,","      buttonActive: false","    };","    return _this;","  }","","  _createClass(ReactStripeCheckout, [{","    key: 'componentDidMount',","    value: function componentDidMount() {","      var _this2 = this;","","      if (scriptLoaded) {","        return;","      }","","      if (scriptLoading) {","        return;","      }","","      scriptLoading = true;","","      var script = document.createElement('script');","      if (typeof this.props.onScriptTagCreated === 'function') {","        this.props.onScriptTagCreated(script);","      }","","      script.src = 'https://checkout.stripe.com/checkout.js';","      script.async = 1;","","      this.loadPromise = function () {","        var canceled = false;","        var promise = new Promise(function (resolve, reject) {","          script.onload = function () {","            scriptLoaded = true;","            scriptLoading = false;","            resolve();","            _this2.onScriptLoaded();","          };","          script.onerror = function (event) {","            scriptDidError = true;","            scriptLoading = false;","            reject(event);","            _this2.onScriptError(event);","          };","        });","        var wrappedPromise = new Promise(function (accept, cancel) {","          promise.then(function () {","            return canceled ? cancel({ isCanceled: true }) : accept();","          }); // eslint-disable-line no-confusing-arrow","          promise.catch(function (error) {","            return canceled ? cancel({ isCanceled: true }) : cancel(error);","          }); // eslint-disable-line no-confusing-arrow","        });","","        return {","          promise: wrappedPromise,","          cancel: function cancel() {","            canceled = true;","          }","        };","      }();","","      this.loadPromise.promise.then(this.onScriptLoaded).catch(this.onScriptError);","","      document.body.appendChild(script);","    }","  }, {","    key: 'componentDidUpdate',","    value: function componentDidUpdate() {","      if (!scriptLoading) {","        this.updateStripeHandler();","      }","    }","  }, {","    key: 'componentWillUnmount',","    value: function componentWillUnmount() {","      if (this.loadPromise) {","        this.loadPromise.cancel();","      }","      if (ReactStripeCheckout.stripeHandler && this.state.open) {","        ReactStripeCheckout.stripeHandler.close();","      }","    }","  }, {","    key: 'updateStripeHandler',","    value: function updateStripeHandler() {","      if (!ReactStripeCheckout.stripeHandler || this.props.reconfigureOnUpdate) {","        ReactStripeCheckout.stripeHandler = StripeCheckout.configure({","          key: this.props.stripeKey","        });","      }","    }","  }, {","    key: 'showLoadingDialog',","    value: function showLoadingDialog() {","      if (this.props.showLoadingDialog) {","        for (var _len4 = arguments.length, args = Array(_len4), _key4 = 0; _key4 < _len4; _key4++) {","          args[_key4] = arguments[_key4];","        }","","        this.props.showLoadingDialog.apply(this, args);","      }","    }","  }, {","    key: 'hideLoadingDialog',","    value: function hideLoadingDialog() {","      if (this.props.hideLoadingDialog) {","        for (var _len5 = arguments.length, args = Array(_len5), _key5 = 0; _key5 < _len5; _key5++) {","          args[_key5] = arguments[_key5];","        }","","        this.props.hideLoadingDialog.apply(this, args);","      }","    }","  }, {","    key: 'showStripeDialog',","    value: function showStripeDialog() {","      this.hideLoadingDialog();","      ReactStripeCheckout.stripeHandler.open(this.getConfig());","    }","  }, {","    key: 'renderDefaultStripeButton',","    value: function renderDefaultStripeButton() {","      return _react2.default.createElement(","        'button',","        _extends({}, _defineProperty({}, this.props.triggerEvent, this.onClick), {","          className: this.props.className,","          onMouseDown: this.handleOnMouseDown,","          onFocus: this.handleOnMouseDown,","          onMouseUp: this.handleOnMouseUp,","          onMouseOut: this.handleOnMouseUp,","          onBlur: this.handleOnMouseUp,","          style: _extends({}, {","            overflow: 'hidden',","            display: 'inline-block',","            background: 'linear-gradient(#28a0e5,#015e94)',","            border: 0,","            padding: 1,","            textDecoration: 'none',","            borderRadius: 5,","            boxShadow: '0 1px 0 rgba(0,0,0,0.2)',","            cursor: 'pointer',","            visibility: 'visible',","            userSelect: 'none'","          }, this.state.buttonActive && {","            background: '#005d93'","          }, this.props.style)","        }),","        _react2.default.createElement(","          'span',","          {","            style: _extends({}, {","              backgroundImage: 'linear-gradient(#7dc5ee,#008cdd 85%,#30a2e4)',","              fontFamily: '\"Helvetica Neue\",Helvetica,Arial,sans-serif',","              fontSize: 14,","              position: 'relative',","              padding: '0 12px',","              display: 'block',","              height: 30,","              lineHeight: '30px',","              color: '#fff',","              fontWeight: 'bold',","              boxShadow: 'inset 0 1px 0 rgba(255,255,255,0.25)',","              textShadow: '0 -1px 0 rgba(0,0,0,0.25)',","              borderRadius: 4","            }, this.state.buttonActive && {","              color: '#eee',","              boxShadow: 'inset 0 1px 0 rgba(0,0,0,0.1)',","              backgroundImage: 'linear-gradient(#008cdd,#008cdd 85%,#239adf)'","            }, this.props.textStyle)","          },","          this.props.label","        )","      );","    }","  }, {","    key: 'renderDisabledButton',","    value: function renderDisabledButton() {","      return _react2.default.createElement(","        'button',","        {","          disabled: true,","          style: {","            background: 'rgba(0,0,0,0.2)',","            overflow: 'hidden',","            display: 'inline-block',","            border: 0,","            padding: 1,","            textDecoration: 'none',","            borderRadius: 5,","            userSelect: 'none'","          }","        },","        _react2.default.createElement(","          'span',","          {","            style: {","              boxShadow: 'inset 0 1px 0 rgba(255,255,255,0.25)',","              fontFamily: '\"Helvetica Neue\",Helvetica,Arial,sans-serif',","              fontSize: 14,","              position: 'relative',","              padding: '0 12px',","              display: 'block',","              height: 30,","              lineHeight: '30px',","              borderRadius: 4,","              color: '#999',","              background: '#f8f9fa',","              textShadow: '0 1px 0 rgba(255,255,255,0.5)'","            }","          },","          this.props.label","        )","      );","    }","  }, {","    key: 'render',","    value: function render() {","      if (this.props.desktopShowModal === true && !this.state.open) {","        this.onClick();","      } else if (this.props.desktopShowModal === false && this.state.open) {","        ReactStripeCheckout.stripeHandler.close();","      }","","      var ComponentClass = this.props.ComponentClass;","","      if (this.props.children) {","        return _react2.default.createElement(ComponentClass, _extends({}, _defineProperty({}, this.props.triggerEvent, this.onClick), {","          children: this.props.children","        }));","      }","      return this.props.disabled ? this.renderDisabledButton() : this.renderDefaultStripeButton();","    }","  }]);","","  return ReactStripeCheckout;","}(_react2.default.Component);","","ReactStripeCheckout.defaultProps = {","  className: 'StripeCheckout',","  label: 'Pay With Card',","  locale: 'auto',","  ComponentClass: 'span',","  reconfigureOnUpdate: false,","  triggerEvent: 'onClick'","};","ReactStripeCheckout.propTypes = {","  // Opens / closes the checkout modal by value","  // WARNING: does not work on mobile due to browser security restrictions","  // NOTE: Must be set to false when receiving token to prevent modal from","  //       opening automatically after closing","  desktopShowModal: _react2.default.PropTypes.bool,","","  triggerEvent: _react2.default.PropTypes.oneOf(['onClick', 'onTouchTap', 'onTouchStart']),","","  // If included, will render the default blue button with label text.","  // (Requires including stripe-checkout.css or adding the .styl file","  // to your pipeline)","  label: _react2.default.PropTypes.string,","","  // Custom styling for default button","  style: _react2.default.PropTypes.object,","  // Custom styling for <span> tag inside default button","  textStyle: _react2.default.PropTypes.object,","","  // Prevents any events from opening the popup","  // Adds the disabled prop to the button and adjusts the styling as well","  disabled: _react2.default.PropTypes.bool,","","  // Named component to wrap button (eg. div)","  ComponentClass: _react2.default.PropTypes.string,","","  // Show a loading indicator","  showLoadingDialog: _react2.default.PropTypes.func,","  // Hide the loading indicator","  hideLoadingDialog: _react2.default.PropTypes.func,","","  // Run this method when the scrupt fails to load. Will run if the internet","  // connection is offline when attemting to load the script.","  onScriptError: _react2.default.PropTypes.func,","","  // Runs when the script tag is created, but before it is added to the DOM","  onScriptTagCreated: _react2.default.PropTypes.func,","","  // By default, any time the React component is updated, it will call","  // StripeCheckout.configure, which may result in additional XHR calls to the","  // stripe API.  If you know the first configuration is all you need, you","  // can set this to false.  Subsequent updates will affect the StripeCheckout.open","  // (e.g. different prices)","  reconfigureOnUpdate: _react2.default.PropTypes.bool,","","  // =====================================================","  // Required by stripe","  // see Stripe docs for more info:","  //   https://stripe.com/docs/checkout#integration-custom","  // =====================================================","","  // Your publishable key (test or live).","  // can't use \"key\" as a prop in react, so have to change the keyname","  stripeKey: _react2.default.PropTypes.string.isRequired,","","  // The callback to invoke when the Checkout process is complete.","  //   function(token)","  //     token is the token object created.","  //     token.id can be used to create a charge or customer.","  //     token.email contains the email address entered by the user.","  token: _react2.default.PropTypes.func.isRequired,","","  // ==========================","  // Highly Recommended Options","  // ==========================","","  // Name of the company or website.","  name: _react2.default.PropTypes.string,","","  // A description of the product or service being purchased.","  description: _react2.default.PropTypes.string,","","  // A relative URL pointing to a square image of your brand or product. The","  // recommended minimum size is 128x128px. The recommended image types are","  // .gif, .jpeg, and .png.","  image: _react2.default.PropTypes.string,","","  // The amount (in cents) that's shown to the user. Note that you will still","  // have to explicitly include it when you create a charge using the API.","  amount: _react2.default.PropTypes.number,","","  // Specify auto to display Checkout in the user's preferred language, if","  // available. English will be used by default.","  //","  // https://support.stripe.com/questions/what-languages-does-stripe-checkout-support","  // for more info.","  locale: _react2.default.PropTypes.oneOf(['auto', // (Default) Automatically chosen by checkout","  'zh', // Chinese","  'nl', // Dutch","  'en', // English","  'fr', // French","  'de', // German","  'it', // Italian","  'jp', // Japanease","  'es']),","","  // ==============","  // Optional Props","  // ==============","","  // The currency of the amount (3-letter ISO code). The default is USD.","  currency: _react2.default.PropTypes.oneOf(['AED', 'AFN', 'ALL', 'AMD', 'ANG', 'AOA', 'ARS', 'AUD', 'AWG', 'AZN', 'BAM', 'BBD', // eslint-disable-line comma-spacing","  'BDT', 'BGN', 'BIF', 'BMD', 'BND', 'BOB', 'BRL', 'BSD', 'BWP', 'BZD', 'CAD', 'CDF', // eslint-disable-line comma-spacing","  'CHF', 'CLP', 'CNY', 'COP', 'CRC', 'CVE', 'CZK', 'DJF', 'DKK', 'DOP', 'DZD', 'EEK', // eslint-disable-line comma-spacing","  'EGP', 'ETB', 'EUR', 'FJD', 'FKP', 'GBP', 'GEL', 'GIP', 'GMD', 'GNF', 'GTQ', 'GYD', // eslint-disable-line comma-spacing","  'HKD', 'HNL', 'HRK', 'HTG', 'HUF', 'IDR', 'ILS', 'INR', 'ISK', 'JMD', 'JPY', 'KES', // eslint-disable-line comma-spacing","  'KGS', 'KHR', 'KMF', 'KRW', 'KYD', 'KZT', 'LAK', 'LBP', 'LKR', 'LRD', 'LSL', 'LTL', // eslint-disable-line comma-spacing","  'LVL', 'MAD', 'MDL', 'MGA', 'MKD', 'MNT', 'MOP', 'MRO', 'MUR', 'MVR', 'MWK', 'MXN', // eslint-disable-line comma-spacing","  'MYR', 'MZN', 'NAD', 'NGN', 'NIO', 'NOK', 'NPR', 'NZD', 'PAB', 'PEN', 'PGK', 'PHP', // eslint-disable-line comma-spacing","  'PKR', 'PLN', 'PYG', 'QAR', 'RON', 'RSD', 'RUB', 'RWF', 'SAR', 'SBD', 'SCR', 'SEK', // eslint-disable-line comma-spacing","  'SGD', 'SHP', 'SLL', 'SOS', 'SRD', 'STD', 'SVC', 'SZL', 'THB', 'TJS', 'TOP', 'TRY', // eslint-disable-line comma-spacing","  'TTD', 'TWD', 'TZS', 'UAH', 'UGX', 'USD', 'UYU', 'UZS', 'VND', 'VUV', 'WST', 'XAF', // eslint-disable-line comma-spacing","  'XCD', 'XOF', 'XPF', 'YER', 'ZAR', 'ZMW']),","","  // The label of the payment button in the Checkout form (e.g. “Subscribe”,","  // “Pay {{amount}}”, etc.). If you include {{amount}}, it will be replaced","  // by the provided amount. Otherwise, the amount will be appended to the","  // end of your label.","  panelLabel: _react2.default.PropTypes.string,","","  // Specify whether Checkout should validate the billing ZIP code (true or","  // false)","  zipCode: _react2.default.PropTypes.bool,","","  // Specify whether Checkout should collect the user's billing address","  // (true or false). The default is false.","  billingAddress: _react2.default.PropTypes.bool,","","  // Specify whether Checkout should collect the user's shipping address","  // (true or false). The default is false.","  shippingAddress: _react2.default.PropTypes.bool,","","  // Specify whether Checkout should validate the billing ZIP code (true or","  // false). The default is false.","  email: _react2.default.PropTypes.string,","","  // Specify whether to include the option to \"Remember Me\" for future","  // purchases (true or false). The default is true.","  allowRememberMe: _react2.default.PropTypes.bool,","","  // Specify whether to accept Bitcoin in Checkout. The default is false.","  bitcoin: _react2.default.PropTypes.bool,","","  // Specify whether to accept Alipay ('auto', true, or false). The default","  // is false.","  alipay: _react2.default.PropTypes.oneOf(['auto', true, false]),","","  // Specify if you need reusable access to the customer's Alipay account","  // (true or false). The default is false.","  alipayReusable: _react2.default.PropTypes.bool,","","  // function() The callback to invoke when Checkout is opened (not supported","  // in IE6 and IE7).","  opened: _react2.default.PropTypes.func,","","  // function() The callback to invoke when Checkout is closed (not supported","  // in IE6 and IE7).","  closed: _react2.default.PropTypes.func","};","exports.default = ReactStripeCheckout;",""],"l":{"3":2,"7":2,"9":2,"11":2,"13":0,"15":1,"17":1,"19":1,"21":1,"23":1,"25":0,"26":0,"27":0,"29":0,"30":0,"32":1,"33":0,"35":0,"37":0,"38":0,"39":0,"42":0,"43":0,"48":0,"49":0,"50":0,"53":0,"54":0,"55":0,"59":0,"60":0,"61":0,"64":0,"65":0,"66":0,"70":0,"71":0,"72":0,"75":0,"76":0,"77":0,"81":0,"82":0,"83":0,"90":0,"92":0,"93":0,"96":0,"97":0,"98":0,"100":0,"101":0,"103":0,"104":0,"108":0,"109":0,"114":0,"115":0,"120":0,"124":0,"127":0,"130":0,"132":0,"133":0,"136":0,"137":0,"140":0,"142":0,"143":0,"144":0,"147":0,"148":0,"150":0,"151":0,"152":0,"153":0,"154":0,"155":0,"156":0,"157":0,"159":0,"160":0,"161":0,"162":0,"163":0,"166":0,"167":0,"168":0,"170":0,"171":0,"175":0,"178":0,"183":0,"185":0,"190":0,"191":0,"197":0,"198":0,"200":0,"201":0,"207":0,"208":0,"216":0,"217":0,"218":0,"221":0,"227":0,"228":0,"229":0,"232":0,"238":0,"239":0,"244":0,"299":0,"339":0,"340":0,"341":0,"342":0,"345":0,"347":0,"348":0,"352":0,"356":0,"359":0,"367":0,"526":0}}}